ADDR   BYTES          LINE   SOURCE
----------------------------------------------------------------------
20                    1      .ORG 32
20                    2      src_ptr:
20     80             3          .DB 0x80
21                    4      dst_ptr:
21     A0             5          .DB 0xA0                 ; Target memory block starts at address 80
22                    6      block_count:
22     20             7          .DB 0x20                 ; copy 0x20 bytes
                      8      
00                    9      .ORG 0
                      10     
00                    11     setup:
00     5C 20          12         LDi R3, src_ptr
02     58 21          13         LDi R2, dst_ptr
04     54 22          14         LDi R1, block_count
                      15     
06                    16     loop:
06     63             17         LD R0,R3
07     72             18         ST R0,R2
08     CA             19         INC R2
09     CF             20         INC R3
0A     D5             21         DEC R1
0B     81 0F          22         JZ done
0D     80 06          23         JMP loop
                      24     
0F                    25     done:
0F     F0             26         HALT               ; Stop execution. External flag raised.
                      27     
                      28     
                      29     ; data to copy
80                    30     .ORG 128
80     01             31         .DB 01
81     02             32         .DB 02
82     03             33         .DB 03
83     04             34         .DB 04
84     05             35         .DB 05
85     06             36         .DB 06
86     07             37         .DB 07
87     08             38         .DB 08
88     09             39         .DB 09
89     0A             40         .DB 0x0A
8A     0B             41         .DB 0x0B
8B     0C             42         .DB 0x0C
8C     0D             43         .DB 0x0D
8D     0E             44         .DB 0x0E
8E     0F             45         .DB 0x0F
8F     10             46         .DB 0x10
90     11             47         .DB 0x11
91     12             48         .DB 0x12
92     13             49         .DB 0x13
93     14             50         .DB 0x14
94     15             51         .DB 0x15
95     16             52         .DB 0x16
96     17             53         .DB 0x17
97     18             54         .DB 0x18
98     19             55         .DB 0x19
99     1A             56         .DB 0x1A
9A     1B             57         .DB 0x1B
9B     1C             58         .DB 0x1C
9C     1D             59         .DB 0x1D
9D     1E             60         .DB 0x1E
9E     1F             61         .DB 0x1F
9F     20             62         .DB 0x20

======================================================================
SYMBOL TABLE:
----------------------------------------------------------------------
block_count              : 0x22 (34)
done                     : 0x0F (15)
dst_ptr                  : 0x21 (33)
loop                     : 0x06 (6)
setup                    : 0x00 (0)
src_ptr                  : 0x20 (32)
