DUNFIELD CFLEA ASSEMBLER: DEMO                                         PAGE: 1

0000                         1  *#cpu CFLEA
0000                         2  *
0000                         3  * DDS MICRO-C C-FLEA Runtime Library - Prefix file
0000                         4  *
0000                         5  * Copyright 1991-2005 Dave Dunfield
0000                         6  * All rights reserved.
0000                         7  *
1000                         8  	ORG	$1000		Place code in memory here
1000                         9  * Begin execution here... Setup stack, zero heap & call main()
1000  00 00 10              10  	LD	#*		Stack below here
1003  DE                    11  	TAS			Set up stack
1004  E0                    12  	CLR			Get zero
1005  A9 62 04              13  	STB	?heap		Zero heap
1008  D8 4A 11              14  	CALL	main		Run main program
100B                        15  * Most embedded programs will never return or exit, however if they
100B                        16  * do, this section of code should do something appropriate, either
100B                        17  * restart the program, or stop the machine. For this system, we will
100B                        18  * simply freeze by entering an infinite loop.
100B  D3 FE                 19  exit	SJMP	*		Loop forever
100D                        20  *50000 22/5/2026
100D                        21  wait_us EQU *
100D  EA 11                 22  		OUT $11			 * clear timer
100F                        23  wait_us_top
100F  EB 11                 24  		IN $11			 * read timer
1011  84 02                 25  		CMP 2,S			 * compare to us
1013  CC                    26  		ULT				 * unsigned less than 
1014  D5 F9                 27  		SJNZ wait_us_top * wait till us passes
1016  D9                    28   RET
1017                        29  wait_ms EQU *
1017                        30  ?AB1 EQU *
1017  04 02                 31   LD 2,S
1019  E5                    32   DEC
101A  A4 02                 33   ST 2,S
101C  E4                    34   INC
101D  D1 2C 10              35   JZ ?AB2
1020  00 E8 03              36   LD #1000
1023  DC                    37   PUSHA
1024  D8 0D 10              38   CALL wait_us
1027  DB 02                 39   FREE 2
1029  D0 17 10              40   JMP ?AB1
102C                        41  ?AB2 EQU *
102C  D9                    42   RET
102D                        43  delay_loops EQU *
102D  EA 11                 44  		OUT $11					* clear 1us timer
102F  04 02                 45  		LD 2,S					* load x
1031                        46  delay_loops_top EQU *
1031  E5                    47  		DEC
1032  D5 FD                 48  		SJNZ delay_loops_top	* decrement and loop
1034  EB 11                 49  		IN $11					* read 1us timer and return value
1036  D9                    50   RET
1037  DA 08                 51  delay_calibrate ALLOC 8
1039  E0                    52   CLR
103A  A4 06                 53   ST 6,S
103C  00 FF FF              54   LD #-1
103F  A4 04                 55   ST 4,S
1041                        56  ?AB3 EQU *
1041  04 04                 57   LD 4,S
1043  14 06                 58   ADD 6,S
DUNFIELD CFLEA ASSEMBLER: DEMO                                         PAGE: 2

1045  B8 01                 59   SHR #1
1047  A4 00                 60   ST 0,S
1049  DC                    61   PUSHA
104A  D8 2D 10              62   CALL delay_loops
104D  DB 02                 63   FREE 2
104F  A4 02                 64   ST 2,S
1051  80 E8 03              65   CMP #1000
1054  CE                    66   UGT
1055  D1 5F 10              67   JZ ?AB6
1058  04 00                 68   LD 0,S
105A  A4 04                 69   ST 4,S
105C  D0 63 10              70   JMP ?AB7
105F                        71  ?AB6 EQU *
105F  04 00                 72   LD 0,S
1061  A4 06                 73   ST 6,S
1063                        74  ?AB7 EQU *
1063                        75  ?AB4 EQU *
1063  04 04                 76   LD 4,S
1065  84 06                 77   CMP 6,S
1067  D1 41 10              78   JZ ?AB3
106A                        79  ?AB5 EQU *
106A  04 00                 80   LD 0,S
106C                        81  ?AB8 EQU *
106C  DB 08                 82   FREE 8
106E  D9                    83   RET
106F                        84  vid_mode EQU *
106F  04 02                 85  		LD 2,S
1071  EA 12                 86  		OUT $12
1073  D9                    87   RET
1074                        88  read_video_stat EQU *
1074  EB 12                 89  		IN $12
1076  D9                    90   RET
1077                        91  wait_vsync EQU *
1077                        92  wait_vsync_top
1077  EB 12                 93  		IN $12
1079  58 02                 94  		ANDB #2
107B  D2 77 10              95  		JNZ wait_vsync_top
107E  D9                    96   RET
107F                        97  wait_nvsync EQU *
107F                        98  wait_nvsync_top
107F  EB 12                 99  		IN $12
1081  58 02                100  		ANDB #2
1083  D1 77 10             101  		JZ wait_vsync_top
1086  D9                   102   RET
1087                       103  wait_hsync EQU *
1087                       104  wait_hsync_top
1087  EB 12                105  		IN $12
1089  58 04                106  		ANDB #4
108B  D2 77 10             107  		JNZ wait_vsync_top
108E  D9                   108   RET
108F                       109  wait_active_vid EQU *
108F                       110  wait_active_top
108F  EB 12                111  		IN $12
1091  58 08                112  		ANDB #8
1093  D1 8F 10             113  		JZ wait_active_top
1096  D9                   114   RET
1097                       115  clrscr EQU *
1097  00 00 F8             116   LD #-2048
DUNFIELD CFLEA ASSEMBLER: DEMO                                         PAGE: 3

109A  DC                   117   PUSHA
109B  E0                   118   CLR
109C  DC                   119   PUSHA
109D  00 00 08             120   LD #2048
10A0  DC                   121   PUSHA
10A1  D8 87 1A             122   CALL memset
10A4  DB 06                123   FREE 6
10A6  D9                   124   RET
10A7  DA 02                125  putsxy ALLOC 2
10A9  04 04                126   LD 4,S
10AB  38 50                127   MULB #80
10AD  10 00 F8             128   ADD #-2048
10B0  14 06                129   ADD 6,S
10B2  A4 00                130   ST 0,S
10B4  DC                   131   PUSHA
10B5  04 0A                132   LD 10,S
10B7  DC                   133   PUSHA
10B8  D8 BB 1A             134   CALL strcpy
10BB  DB 06                135   FREE 4+2
10BD  D9                   136   RET
10BE                       137  putscentered EQU *
10BE  04 04                138   LD 4,S
10C0  DC                   139   PUSHA
10C1  04 06                140   LD 6,S
10C3  DC                   141   PUSHA
10C4  D8 CC 1A             142   CALL strlen
10C7  DB 02                143   FREE 2
10C9  B8 01                144   SHR #1
10CB  A1 00 00             145   ST ?temp
10CE  08 28                146   LDB #40
10D0  21 00 00             147   SUB ?temp
10D3  DC                   148   PUSHA
10D4  04 06                149   LD 6,S
10D6  DC                   150   PUSHA
10D7  D8 A7 10             151   CALL putsxy
10DA  DB 06                152   FREE 6
10DC  D9                   153   RET
10DD  DA 02                154  hline ALLOC 2
10DF  04 06                155   LD 6,S
10E1  38 30                156   MULB #48
10E3  10 00 F8             157   ADD #-2048
10E6  14 08                158   ADD 8,S
10E8  A4 00                159   ST 0,S
10EA                       160  ?AB9 EQU *
10EA  04 08                161   LD 8,S
10EC  E4                   162   INC
10ED  A4 08                163   ST 8,S
10EF  E5                   164   DEC
10F0  84 04                165   CMP 4,S
10F2  CD                   166   ULE
10F3  D1 02 11             167   JZ ?AB10
10F6  04 00                168   LD 0,S
10F8  E6                   169   TAI ;
10F9  E4                   170   INC
10FA  A4 00                171   ST 0,S
10FC  0C 0A                172   LDB 10,S
10FE  AA                   173   STB I
10FF  D0 EA 10             174   JMP ?AB9
DUNFIELD CFLEA ASSEMBLER: DEMO                                         PAGE: 4

1102                       175  ?AB10 EQU *
1102  95                   176   LDI S+
1103  D9                   177   RET
1104  DA 02                178  vline ALLOC 2
1106  04 06                179   LD 6,S
1108  38 30                180   MULB #48
110A  10 00 F8             181   ADD #-2048
110D  14 08                182   ADD 8,S
110F  A4 00                183   ST 0,S
1111                       184  ?AB11 EQU *
1111  04 06                185   LD 6,S
1113  E4                   186   INC
1114  A4 06                187   ST 6,S
1116  E5                   188   DEC
1117  84 04                189   CMP 4,S
1119  CD                   190   ULE
111A  D1 2B 11             191   JZ ?AB12
111D  94 00                192   LDI 0,S
111F  0C 0A                193   LDB 10,S
1121  AA                   194   STB I
1122  04 00                195   LD 0,S
1124  18 30                196   ADDB #48
1126  A4 00                197   ST 0,S
1128  D0 11 11             198   JMP ?AB11
112B                       199  ?AB12 EQU *
112B  95                   200   LDI S+
112C  D9                   201   RET
112D                       202  plotxy EQU *
112D  04 02                203   LD 2,S
112F  38 30                204   MULB #48
1131  14 04                205   ADD 4,S
1133  90 00 F8             206   LDI #-2048
1136  E8                   207   ADAI
1137  0C 06                208   LDB 6,S
1139  AA                   209   STB I
113A  D9                   210   RET
113B  04 00                211  randy FDB 4
113D                       212  rng EQU *
113D  01 3B 11             213   LD randy
1140  30 8D 35             214   MUL #13709
1143  10 19 36             215   ADD #13849
1146  A1 3B 11             216   ST randy
1149                       217  ?AB13 EQU *
1149  D9                   218   RET
114A  DA 5A                219  main ALLOC 90
114C  D8 97 10             220   CALL clrscr
114F  E0                   221   CLR
1150  DC                   222   PUSHA
1151  D8 6F 10             223   CALL vid_mode
1154  DB 02                224   FREE 2
1156  E0                   225   CLR
1157  A4 00                226   ST 0,S
1159                       227  ?AB14 EQU *
1159  04 00                228   LD 0,S
115B  88 0A                229   CMPB #10
115D  CC                   230   ULT
115E  D5 0A                231   SJNZ ?AB16
1160  D0 96 11             232   JMP ?AB15
DUNFIELD CFLEA ASSEMBLER: DEMO                                         PAGE: 5

1163                       233  ?AB17 EQU *
1163  04 00                234   LD 0,S
1165  E4                   235   INC
1166  A4 00                236   ST 0,S
1168  D3 EF                237   SJMP ?AB14
116A                       238  ?AB16 EQU *
116A  9C 0A                239   LEAI 10,S
116C  DD                   240   PUSHI
116D  00 34 18             241   LD #?AB0+0
1170  DC                   242   PUSHA
1171  04 04                243   LD 4,S
1173  DC                   244   PUSHA
1174  08 03                245   LDB #3
1176  D8 65 1A             246   CALL sprintf
1179  DB 06                247   FREE 6
117B  9C 0A                248   LEAI 10,S
117D  DD                   249   PUSHI
117E  E0                   250   CLR
117F  DC                   251   PUSHA
1180  E0                   252   CLR
1181  DC                   253   PUSHA
1182  D8 A7 10             254   CALL putsxy
1185  DB 06                255   FREE 6
1187  00 E8 03             256   LD #1000
118A  DC                   257   PUSHA
118B  D8 17 10             258   CALL wait_ms
118E  DB 02                259   FREE 2
1190  D8 97 10             260   CALL clrscr
1193  D0 63 11             261   JMP ?AB17
1196                       262  ?AB15 EQU *
1196                       263  ?AB18 EQU *
1196  D8 97 10             264   CALL clrscr
1199  00 40 18             265   LD #?AB0+12
119C  DC                   266   PUSHA
119D  E0                   267   CLR
119E  DC                   268   PUSHA
119F  08 01                269   LDB #1
11A1  DC                   270   PUSHA
11A2  D8 A7 10             271   CALL putsxy
11A5  DB 06                272   FREE 6
11A7  E0                   273   CLR
11A8  A4 00                274   ST 0,S
11AA                       275  ?AB19 EQU *
11AA  04 00                276   LD 0,S
11AC  88 08                277   CMPB #8
11AE  CC                   278   ULT
11AF  D5 0A                279   SJNZ ?AB21
11B1  D0 E5 11             280   JMP ?AB20
11B4                       281  ?AB22 EQU *
11B4  04 00                282   LD 0,S
11B6  E4                   283   INC
11B7  A4 00                284   ST 0,S
11B9  D3 EF                285   SJMP ?AB19
11BB                       286  ?AB21 EQU *
11BB  9C 0A                287   LEAI 10,S
11BD  DD                   288   PUSHI
11BE  00 68 18             289   LD #?AB0+52
11C1  DC                   290   PUSHA
DUNFIELD CFLEA ASSEMBLER: DEMO                                         PAGE: 6

11C2  04 04                291   LD 4,S
11C4  DC                   292   PUSHA
11C5  08 03                293   LDB #3
11C7  D8 65 1A             294   CALL sprintf
11CA  DB 06                295   FREE 6
11CC  9C 0A                296   LEAI 10,S
11CE  DD                   297   PUSHI
11CF  E0                   298   CLR
11D0  DC                   299   PUSHA
11D1  08 02                300   LDB #2
11D3  DC                   301   PUSHA
11D4  D8 A7 10             302   CALL putsxy
11D7  DB 06                303   FREE 6
11D9  00 F4 01             304   LD #500
11DC  DC                   305   PUSHA
11DD  D8 17 10             306   CALL wait_ms
11E0  DB 02                307   FREE 2
11E2  D0 B4 11             308   JMP ?AB22
11E5                       309  ?AB20 EQU *
11E5  9C 0A                310   LEAI 10,S
11E7  DD                   311   PUSHI
11E8  D8 CC 1A             312   CALL strlen
11EB  DB 02                313   FREE 2
11ED  A4 02                314   ST 2,S
11EF  00 E8 03             315   LD #1000
11F2  DC                   316   PUSHA
11F3  D8 17 10             317   CALL wait_ms
11F6  DB 02                318   FREE 2
11F8  E0                   319   CLR
11F9  A4 00                320   ST 0,S
11FB                       321  ?AB23 EQU *
11FB  04 00                322   LD 0,S
11FD  88 04                323   CMPB #4
11FF  CC                   324   ULT
1200  D5 0A                325   SJNZ ?AB25
1202  D0 2B 12             326   JMP ?AB24
1205                       327  ?AB26 EQU *
1205  04 00                328   LD 0,S
1207  E4                   329   INC
1208  A4 00                330   ST 0,S
120A  D3 EF                331   SJMP ?AB23
120C                       332  ?AB25 EQU *
120C  00 3E 18             333   LD #?AB0+10
120F  DC                   334   PUSHA
1210  04 04                335   LD 4,S
1212  E4                   336   INC
1213  A4 04                337   ST 4,S
1215  E5                   338   DEC
1216  DC                   339   PUSHA
1217  08 02                340   LDB #2
1219  DC                   341   PUSHA
121A  D8 A7 10             342   CALL putsxy
121D  DB 06                343   FREE 6
121F  00 EE 02             344   LD #750
1222  DC                   345   PUSHA
1223  D8 17 10             346   CALL wait_ms
1226  DB 02                347   FREE 2
1228  D0 05 12             348   JMP ?AB26
DUNFIELD CFLEA ASSEMBLER: DEMO                                         PAGE: 7

122B                       349  ?AB24 EQU *
122B  00 80 18             350   LD #?AB0+76
122E  DC                   351   PUSHA
122F  E0                   352   CLR
1230  DC                   353   PUSHA
1231  08 03                354   LDB #3
1233  DC                   355   PUSHA
1234  D8 A7 10             356   CALL putsxy
1237  DB 06                357   FREE 6
1239  00 DC 05             358   LD #1500
123C  DC                   359   PUSHA
123D  D8 17 10             360   CALL wait_ms
1240  DB 02                361   FREE 2
1242  00 9F 18             362   LD #?AB0+107
1245  DC                   363   PUSHA
1246  E0                   364   CLR
1247  DC                   365   PUSHA
1248  08 04                366   LDB #4
124A  DC                   367   PUSHA
124B  D8 A7 10             368   CALL putsxy
124E  DB 06                369   FREE 6
1250  00 DC 05             370   LD #1500
1253  DC                   371   PUSHA
1254  D8 17 10             372   CALL wait_ms
1257  DB 02                373   FREE 2
1259  00 B7 18             374   LD #?AB0+131
125C  DC                   375   PUSHA
125D  E0                   376   CLR
125E  DC                   377   PUSHA
125F  08 05                378   LDB #5
1261  DC                   379   PUSHA
1262  D8 A7 10             380   CALL putsxy
1265  DB 06                381   FREE 6
1267  00 D0 07             382   LD #2000
126A  DC                   383   PUSHA
126B  D8 17 10             384   CALL wait_ms
126E  DB 02                385   FREE 2
1270  D8 97 10             386   CALL clrscr
1273  00 40 18             387   LD #?AB0+12
1276  DC                   388   PUSHA
1277  E0                   389   CLR
1278  DC                   390   PUSHA
1279  08 01                391   LDB #1
127B  DC                   392   PUSHA
127C  D8 A7 10             393   CALL putsxy
127F  DB 06                394   FREE 6
1281  08 08                395   LDB #8
1283  A4 00                396   ST 0,S
1285                       397  ?AB27 EQU *
1285  04 00                398   LD 0,S
1287  88 3D                399   CMPB #61
1289  CC                   400   ULT
128A  D5 0A                401   SJNZ ?AB29
128C  D0 BF 12             402   JMP ?AB28
128F                       403  ?AB30 EQU *
128F  04 00                404   LD 0,S
1291  E4                   405   INC
1292  A4 00                406   ST 0,S
DUNFIELD CFLEA ASSEMBLER: DEMO                                         PAGE: 8

1294  D3 EF                407   SJMP ?AB27
1296                       408  ?AB29 EQU *
1296  9C 0A                409   LEAI 10,S
1298  DD                   410   PUSHI
1299  00 68 18             411   LD #?AB0+52
129C  DC                   412   PUSHA
129D  04 04                413   LD 4,S
129F  DC                   414   PUSHA
12A0  08 03                415   LDB #3
12A2  D8 65 1A             416   CALL sprintf
12A5  DB 06                417   FREE 6
12A7  9C 0A                418   LEAI 10,S
12A9  DD                   419   PUSHI
12AA  E0                   420   CLR
12AB  DC                   421   PUSHA
12AC  08 02                422   LDB #2
12AE  DC                   423   PUSHA
12AF  D8 A7 10             424   CALL putsxy
12B2  DB 06                425   FREE 6
12B4  08 64                426   LDB #100
12B6  DC                   427   PUSHA
12B7  D8 17 10             428   CALL wait_ms
12BA  DB 02                429   FREE 2
12BC  D0 8F 12             430   JMP ?AB30
12BF                       431  ?AB28 EQU *
12BF  00 EF 18             432   LD #?AB0+187
12C2  DC                   433   PUSHA
12C3  E0                   434   CLR
12C4  DC                   435   PUSHA
12C5  08 03                436   LDB #3
12C7  DC                   437   PUSHA
12C8  D8 A7 10             438   CALL putsxy
12CB  DB 06                439   FREE 6
12CD  00 E8 03             440   LD #1000
12D0  DC                   441   PUSHA
12D1  D8 17 10             442   CALL wait_ms
12D4  DB 02                443   FREE 2
12D6  D8 97 10             444   CALL clrscr
12D9  00 20 19             445   LD #?AB0+236
12DC  DC                   446   PUSHA
12DD  E0                   447   CLR
12DE  DC                   448   PUSHA
12DF  08 01                449   LDB #1
12E1  DC                   450   PUSHA
12E2  D8 A7 10             451   CALL putsxy
12E5  DB 06                452   FREE 6
12E7  00 2B 19             453   LD #?AB0+247
12EA  DC                   454   PUSHA
12EB  08 0A                455   LDB #10
12ED  DC                   456   PUSHA
12EE  08 0A                457   LDB #10
12F0  DC                   458   PUSHA
12F1  D8 A7 10             459   CALL putsxy
12F4  DB 06                460   FREE 6
12F6  00 B8 0B             461   LD #3000
12F9  DC                   462   PUSHA
12FA  D8 17 10             463   CALL wait_ms
12FD  DB 02                464   FREE 2
DUNFIELD CFLEA ASSEMBLER: DEMO                                         PAGE: 9

12FF  00 2D 19             465   LD #?AB0+249
1302  DC                   466   PUSHA
1303  E0                   467   CLR
1304  DC                   468   PUSHA
1305  08 02                469   LDB #2
1307  DC                   470   PUSHA
1308  D8 A7 10             471   CALL putsxy
130B  DB 06                472   FREE 6
130D  00 DC 05             473   LD #1500
1310  DC                   474   PUSHA
1311  D8 17 10             475   CALL wait_ms
1314  DB 02                476   FREE 2
1316  00 35 19             477   LD #?AB0+257
1319  DC                   478   PUSHA
131A  E0                   479   CLR
131B  DC                   480   PUSHA
131C  08 03                481   LDB #3
131E  DC                   482   PUSHA
131F  D8 A7 10             483   CALL putsxy
1322  DB 06                484   FREE 6
1324  00 DC 05             485   LD #1500
1327  DC                   486   PUSHA
1328  D8 17 10             487   CALL wait_ms
132B  DB 02                488   FREE 2
132D                       489  ?AB31 EQU *
132D  D8 97 10             490   CALL clrscr
1330  00 02 00             491   LD #stars
1333  DC                   492   PUSHA
1334  E0                   493   CLR
1335  DC                   494   PUSHA
1336  00 60 04             495   LD #1120
1339  DC                   496   PUSHA
133A  D8 87 1A             497   CALL memset
133D  DB 06                498   FREE 6
133F  E0                   499   CLR
1340  A4 04                500   ST 4,S
1342                       501  ?AB32 EQU *
1342  04 04                502   LD 4,S
1344  88 F0                503   CMPB #240
1346  CC                   504   ULT
1347  D5 0A                505   SJNZ ?AB34
1349  D0 3B 15             506   JMP ?AB33
134C                       507  ?AB35 EQU *
134C  04 04                508   LD 4,S
134E  E4                   509   INC
134F  A4 04                510   ST 4,S
1351  D3 EF                511   SJMP ?AB32
1353                       512  ?AB34 EQU *
1353  E0                   513   CLR
1354  A4 00                514   ST 0,S
1356                       515  ?AB36 EQU *
1356  04 00                516   LD 0,S
1358  88 50                517   CMPB #80
135A  CC                   518   ULT
135B  D5 0A                519   SJNZ ?AB38
135D  D0 16 15             520   JMP ?AB37
1360                       521  ?AB39 EQU *
1360  04 00                522   LD 0,S
DUNFIELD CFLEA ASSEMBLER: DEMO                                         PAGE: 10

1362  E4                   523   INC
1363  A4 00                524   ST 0,S
1365  D3 EF                525   SJMP ?AB36
1367                       526  ?AB38 EQU *
1367  90 02 00             527   LDI #stars
136A  04 00                528   LD 0,S
136C  38 02                529   MULB #2
136E  E8                   530   ADAI
136F  02                   531   LD I
1370  88 00                532   CMPB #0
1372  D1 D9 13             533   JZ ?AB40
1375  90 02 00             534   LDI #stars
1378  04 00                535   LD 0,S
137A  38 02                536   MULB #2
137C  E8                   537   ADAI
137D  00 80 02             538   LD #640
1380  A2                   539   ST I
1381  90 02 00             540   LDI #stars
1384  9B A0                541   LEAI 160,I
1386  04 00                542   LD 0,S
1388  38 02                543   MULB #2
138A  E8                   544   ADAI
138B  08 C0                545   LDB #192
138D  A2                   546   ST I
138E  90 42 01             547   LDI #stars+320
1391  04 00                548   LD 0,S
1393  38 02                549   MULB #2
1395  E8                   550   ADAI
1396  DD                   551   PUSHI
1397  D8 3D 11             552   CALL rng
139A  B8 05                553   SHR #5
139C  58 0F                554   ANDB #15
139E  18 01                555   ADDB #1
13A0  A6                   556   ST [S+]
13A1  90 E2 01             557   LDI #stars+480
13A4  04 00                558   LD 0,S
13A6  38 02                559   MULB #2
13A8  E8                   560   ADAI
13A9  DD                   561   PUSHI
13AA  D8 3D 11             562   CALL rng
13AD  B8 07                563   SHR #7
13AF  58 0F                564   ANDB #15
13B1  18 01                565   ADDB #1
13B3  A6                   566   ST [S+]
13B4  90 82 02             567   LDI #stars+640
13B7  04 00                568   LD 0,S
13B9  38 02                569   MULB #2
13BB  E8                   570   ADAI
13BC  DD                   571   PUSHI
13BD  D8 3D 11             572   CALL rng
13C0  B8 07                573   SHR #7
13C2  58 01                574   ANDB #1
13C4  A6                   575   ST [S+]
13C5  90 22 03             576   LDI #stars+800
13C8  04 00                577   LD 0,S
13CA  38 02                578   MULB #2
13CC  E8                   579   ADAI
13CD  DD                   580   PUSHI
DUNFIELD CFLEA ASSEMBLER: DEMO                                         PAGE: 11

13CE  D8 3D 11             581   CALL rng
13D1  B8 03                582   SHR #3
13D3  58 01                583   ANDB #1
13D5  A6                   584   ST [S+]
13D6  D0 DE 14             585   JMP ?AB41
13D9                       586  ?AB40 EQU *
13D9  90 82 02             587   LDI #stars+640
13DC  04 00                588   LD 0,S
13DE  38 02                589   MULB #2
13E0  E8                   590   ADAI
13E1  02                   591   LD I
13E2  88 00                592   CMPB #0
13E4  D1 FE 13             593   JZ ?AB42
13E7  90 02 00             594   LDI #stars
13EA  04 00                595   LD 0,S
13EC  38 02                596   MULB #2
13EE  E8                   597   ADAI
13EF  DD                   598   PUSHI
13F0  90 42 01             599   LDI #stars+320
13F3  04 02                600   LD 2,S
13F5  38 02                601   MULB #2
13F7  E8                   602   ADAI
13F8  07                   603   LD [S]
13F9  12                   604   ADD I
13FA  A6                   605   ST [S+]
13FB  D0 36 14             606   JMP ?AB43
13FE                       607  ?AB42 EQU *
13FE  90 02 00             608   LDI #stars
1401  04 00                609   LD 0,S
1403  38 02                610   MULB #2
1405  E8                   611   ADAI
1406  DD                   612   PUSHI
1407  90 42 01             613   LDI #stars+320
140A  04 02                614   LD 2,S
140C  38 02                615   MULB #2
140E  E8                   616   ADAI
140F  06                   617   LD [S+]
1410  82                   618   CMP I
1411  CE                   619   UGT
1412  D1 2C 14             620   JZ ?AB44
1415  90 02 00             621   LDI #stars
1418  04 00                622   LD 0,S
141A  38 02                623   MULB #2
141C  E8                   624   ADAI
141D  DD                   625   PUSHI
141E  90 42 01             626   LDI #stars+320
1421  04 02                627   LD 2,S
1423  38 02                628   MULB #2
1425  E8                   629   ADAI
1426  07                   630   LD [S]
1427  22                   631   SUB I
1428  A6                   632   ST [S+]
1429  D0 36 14             633   JMP ?AB45
142C                       634  ?AB44 EQU *
142C  90 02 00             635   LDI #stars
142F  04 00                636   LD 0,S
1431  38 02                637   MULB #2
1433  E8                   638   ADAI
DUNFIELD CFLEA ASSEMBLER: DEMO                                         PAGE: 12

1434  E0                   639   CLR
1435  A2                   640   ST I
1436                       641  ?AB45 EQU *
1436                       642  ?AB43 EQU *
1436  90 22 03             643   LDI #stars+800
1439  04 00                644   LD 0,S
143B  38 02                645   MULB #2
143D  E8                   646   ADAI
143E  02                   647   LD I
143F  88 00                648   CMPB #0
1441  D1 5D 14             649   JZ ?AB46
1444  90 02 00             650   LDI #stars
1447  9B A0                651   LEAI 160,I
1449  04 00                652   LD 0,S
144B  38 02                653   MULB #2
144D  E8                   654   ADAI
144E  DD                   655   PUSHI
144F  90 E2 01             656   LDI #stars+480
1452  04 02                657   LD 2,S
1454  38 02                658   MULB #2
1456  E8                   659   ADAI
1457  07                   660   LD [S]
1458  12                   661   ADD I
1459  A6                   662   ST [S+]
145A  D0 9B 14             663   JMP ?AB47
145D                       664  ?AB46 EQU *
145D  90 02 00             665   LDI #stars
1460  9B A0                666   LEAI 160,I
1462  04 00                667   LD 0,S
1464  38 02                668   MULB #2
1466  E8                   669   ADAI
1467  DD                   670   PUSHI
1468  90 E2 01             671   LDI #stars+480
146B  04 02                672   LD 2,S
146D  38 02                673   MULB #2
146F  E8                   674   ADAI
1470  06                   675   LD [S+]
1471  82                   676   CMP I
1472  CE                   677   UGT
1473  D1 8F 14             678   JZ ?AB48
1476  90 02 00             679   LDI #stars
1479  9B A0                680   LEAI 160,I
147B  04 00                681   LD 0,S
147D  38 02                682   MULB #2
147F  E8                   683   ADAI
1480  DD                   684   PUSHI
1481  90 E2 01             685   LDI #stars+480
1484  04 02                686   LD 2,S
1486  38 02                687   MULB #2
1488  E8                   688   ADAI
1489  07                   689   LD [S]
148A  22                   690   SUB I
148B  A6                   691   ST [S+]
148C  D0 9B 14             692   JMP ?AB49
148F                       693  ?AB48 EQU *
148F  90 02 00             694   LDI #stars
1492  9B A0                695   LEAI 160,I
1494  04 00                696   LD 0,S
DUNFIELD CFLEA ASSEMBLER: DEMO                                         PAGE: 13

1496  38 02                697   MULB #2
1498  E8                   698   ADAI
1499  E0                   699   CLR
149A  A2                   700   ST I
149B                       701  ?AB49 EQU *
149B                       702  ?AB47 EQU *
149B  90 02 00             703   LDI #stars
149E  04 00                704   LD 0,S
14A0  38 02                705   MULB #2
14A2  E8                   706   ADAI
14A3  02                   707   LD I
14A4  B8 04                708   SHR #4
14A6  A4 06                709   ST 6,S
14A8  90 02 00             710   LDI #stars
14AB  9B A0                711   LEAI 160,I
14AD  04 00                712   LD 0,S
14AF  38 02                713   MULB #2
14B1  E8                   714   ADAI
14B2  02                   715   LD I
14B3  B8 04                716   SHR #4
14B5  A4 08                717   ST 8,S
14B7  04 06                718   LD 6,S
14B9  88 01                719   CMPB #1
14BB  CD                   720   ULE
14BC  D5 13                721   SJNZ ?AB51
14BE  04 06                722   LD 6,S
14C0  88 4E                723   CMPB #78
14C2  CF                   724   UGE
14C3  D5 0C                725   SJNZ ?AB52
14C5  04 08                726   LD 8,S
14C7  88 01                727   CMPB #1
14C9  CD                   728   ULE
14CA  D5 05                729   SJNZ ?AB53
14CC  04 08                730   LD 8,S
14CE  88 17                731   CMPB #23
14D0  CF                   732   UGE
14D1                       733  ?AB53 EQU *
14D1                       734  ?AB52 EQU *
14D1                       735  ?AB51 EQU *
14D1  D1 DE 14             736   JZ ?AB50
14D4  90 02 00             737   LDI #stars
14D7  04 00                738   LD 0,S
14D9  38 02                739   MULB #2
14DB  E8                   740   ADAI
14DC  E0                   741   CLR
14DD  A2                   742   ST I
14DE                       743  ?AB50 EQU *
14DE                       744  ?AB41 EQU *
14DE  90 02 00             745   LDI #stars
14E1  04 00                746   LD 0,S
14E3  38 02                747   MULB #2
14E5  E8                   748   ADAI
14E6  02                   749   LD I
14E7  88 00                750   CMPB #0
14E9  D2 13 15             751   JNZ ?AB54
14EC  90 02 00             752   LDI #stars
14EF  04 00                753   LD 0,S
14F1  38 02                754   MULB #2
DUNFIELD CFLEA ASSEMBLER: DEMO                                         PAGE: 14

14F3  E8                   755   ADAI
14F4  02                   756   LD I
14F5  B8 04                757   SHR #4
14F7  A4 06                758   ST 6,S
14F9  90 02 00             759   LDI #stars
14FC  9B A0                760   LEAI 160,I
14FE  04 00                761   LD 0,S
1500  38 02                762   MULB #2
1502  E8                   763   ADAI
1503  02                   764   LD I
1504  B8 04                765   SHR #4
1506  A4 08                766   ST 8,S
1508  38 50                767   MULB #80
150A  14 06                768   ADD 6,S
150C  90 00 F8             769   LDI #-2048
150F  E8                   770   ADAI
1510  08 2A                771   LDB #42
1512  AA                   772   STB I
1513                       773  ?AB54 EQU *
1513  D0 60 13             774   JMP ?AB39
1516                       775  ?AB37 EQU *
1516  04 04                776   LD 4,S
1518  88 5A                777   CMPB #90
151A  CE                   778   UGT
151B  D1 2D 15             779   JZ ?AB55
151E  00 5D 19             780   LD #?AB0+297
1521  DC                   781   PUSHA
1522  08 07                782   LDB #7
1524  DC                   783   PUSHA
1525  08 03                784   LDB #3
1527  DC                   785   PUSHA
1528  D8 A7 10             786   CALL putsxy
152B  DB 06                787   FREE 6
152D                       788  ?AB55 EQU *
152D  08 21                789   LDB #33
152F  DC                   790   PUSHA
1530  D8 17 10             791   CALL wait_ms
1533  DB 02                792   FREE 2
1535  D8 97 10             793   CALL clrscr
1538  D0 4C 13             794   JMP ?AB35
153B                       795  ?AB33 EQU *
153B                       796  ?AB56 EQU *
153B  08 01                797   LDB #1
153D  DC                   798   PUSHA
153E  D8 6F 10             799   CALL vid_mode
1541  DB 02                800   FREE 2
1543  D8 97 10             801   CALL clrscr
1546  00 02 00             802   LD #stars
1549  DC                   803   PUSHA
154A  E0                   804   CLR
154B  DC                   805   PUSHA
154C  00 60 04             806   LD #1120
154F  DC                   807   PUSHA
1550  D8 87 1A             808   CALL memset
1553  DB 06                809   FREE 6
1555  E0                   810   CLR
1556  A4 04                811   ST 4,S
1558                       812  ?AB57 EQU *
DUNFIELD CFLEA ASSEMBLER: DEMO                                         PAGE: 15

1558  04 04                813   LD 4,S
155A  80 58 02             814   CMP #600
155D  CC                   815   ULT
155E  D5 0A                816   SJNZ ?AB59
1560  D0 55 17             817   JMP ?AB58
1563                       818  ?AB60 EQU *
1563  04 04                819   LD 4,S
1565  E4                   820   INC
1566  A4 04                821   ST 4,S
1568  D3 EE                822   SJMP ?AB57
156A                       823  ?AB59 EQU *
156A  E0                   824   CLR
156B  A4 00                825   ST 0,S
156D                       826  ?AB61 EQU *
156D  04 00                827   LD 0,S
156F  88 50                828   CMPB #80
1571  CC                   829   ULT
1572  D5 0A                830   SJNZ ?AB63
1574  D0 47 17             831   JMP ?AB62
1577                       832  ?AB64 EQU *
1577  04 00                833   LD 0,S
1579  E4                   834   INC
157A  A4 00                835   ST 0,S
157C  D3 EF                836   SJMP ?AB61
157E                       837  ?AB63 EQU *
157E  90 02 00             838   LDI #stars
1581  04 00                839   LD 0,S
1583  38 02                840   MULB #2
1585  E8                   841   ADAI
1586  02                   842   LD I
1587  88 00                843   CMPB #0
1589  D1 02 16             844   JZ ?AB65
158C  90 02 00             845   LDI #stars
158F  04 00                846   LD 0,S
1591  38 02                847   MULB #2
1593  E8                   848   ADAI
1594  00 80 01             849   LD #384
1597  A2                   850   ST I
1598  90 02 00             851   LDI #stars
159B  9B A0                852   LEAI 160,I
159D  04 00                853   LD 0,S
159F  38 02                854   MULB #2
15A1  E8                   855   ADAI
15A2  00 40 01             856   LD #320
15A5  A2                   857   ST I
15A6  90 42 01             858   LDI #stars+320
15A9  04 00                859   LD 0,S
15AB  38 02                860   MULB #2
15AD  E8                   861   ADAI
15AE  DD                   862   PUSHI
15AF  D8 3D 11             863   CALL rng
15B2  B8 05                864   SHR #5
15B4  58 0F                865   ANDB #15
15B6  18 01                866   ADDB #1
15B8  A6                   867   ST [S+]
15B9  90 E2 01             868   LDI #stars+480
15BC  04 00                869   LD 0,S
15BE  38 02                870   MULB #2
DUNFIELD CFLEA ASSEMBLER: DEMO                                         PAGE: 16

15C0  E8                   871   ADAI
15C1  DD                   872   PUSHI
15C2  D8 3D 11             873   CALL rng
15C5  B8 07                874   SHR #7
15C7  58 0F                875   ANDB #15
15C9  18 01                876   ADDB #1
15CB  A6                   877   ST [S+]
15CC  90 82 02             878   LDI #stars+640
15CF  04 00                879   LD 0,S
15D1  38 02                880   MULB #2
15D3  E8                   881   ADAI
15D4  DD                   882   PUSHI
15D5  D8 3D 11             883   CALL rng
15D8  B8 07                884   SHR #7
15DA  58 01                885   ANDB #1
15DC  A6                   886   ST [S+]
15DD  90 22 03             887   LDI #stars+800
15E0  04 00                888   LD 0,S
15E2  38 02                889   MULB #2
15E4  E8                   890   ADAI
15E5  DD                   891   PUSHI
15E6  D8 3D 11             892   CALL rng
15E9  B8 03                893   SHR #3
15EB  58 01                894   ANDB #1
15ED  A6                   895   ST [S+]
15EE  90 C2 03             896   LDI #stars+960
15F1  04 00                897   LD 0,S
15F3  38 02                898   MULB #2
15F5  E8                   899   ADAI
15F6  DD                   900   PUSHI
15F7  D8 3D 11             901   CALL rng
15FA  B8 03                902   SHR #3
15FC  58 FF                903   ANDB #255
15FE  A6                   904   ST [S+]
15FF  D0 07 17             905   JMP ?AB66
1602                       906  ?AB65 EQU *
1602  90 82 02             907   LDI #stars+640
1605  04 00                908   LD 0,S
1607  38 02                909   MULB #2
1609  E8                   910   ADAI
160A  02                   911   LD I
160B  88 00                912   CMPB #0
160D  D1 27 16             913   JZ ?AB67
1610  90 02 00             914   LDI #stars
1613  04 00                915   LD 0,S
1615  38 02                916   MULB #2
1617  E8                   917   ADAI
1618  DD                   918   PUSHI
1619  90 42 01             919   LDI #stars+320
161C  04 02                920   LD 2,S
161E  38 02                921   MULB #2
1620  E8                   922   ADAI
1621  07                   923   LD [S]
1622  12                   924   ADD I
1623  A6                   925   ST [S+]
1624  D0 5F 16             926   JMP ?AB68
1627                       927  ?AB67 EQU *
1627  90 02 00             928   LDI #stars
DUNFIELD CFLEA ASSEMBLER: DEMO                                         PAGE: 17

162A  04 00                929   LD 0,S
162C  38 02                930   MULB #2
162E  E8                   931   ADAI
162F  DD                   932   PUSHI
1630  90 42 01             933   LDI #stars+320
1633  04 02                934   LD 2,S
1635  38 02                935   MULB #2
1637  E8                   936   ADAI
1638  06                   937   LD [S+]
1639  82                   938   CMP I
163A  CE                   939   UGT
163B  D1 55 16             940   JZ ?AB69
163E  90 02 00             941   LDI #stars
1641  04 00                942   LD 0,S
1643  38 02                943   MULB #2
1645  E8                   944   ADAI
1646  DD                   945   PUSHI
1647  90 42 01             946   LDI #stars+320
164A  04 02                947   LD 2,S
164C  38 02                948   MULB #2
164E  E8                   949   ADAI
164F  07                   950   LD [S]
1650  22                   951   SUB I
1651  A6                   952   ST [S+]
1652  D0 5F 16             953   JMP ?AB70
1655                       954  ?AB69 EQU *
1655  90 02 00             955   LDI #stars
1658  04 00                956   LD 0,S
165A  38 02                957   MULB #2
165C  E8                   958   ADAI
165D  E0                   959   CLR
165E  A2                   960   ST I
165F                       961  ?AB70 EQU *
165F                       962  ?AB68 EQU *
165F  90 22 03             963   LDI #stars+800
1662  04 00                964   LD 0,S
1664  38 02                965   MULB #2
1666  E8                   966   ADAI
1667  02                   967   LD I
1668  88 00                968   CMPB #0
166A  D1 86 16             969   JZ ?AB71
166D  90 02 00             970   LDI #stars
1670  9B A0                971   LEAI 160,I
1672  04 00                972   LD 0,S
1674  38 02                973   MULB #2
1676  E8                   974   ADAI
1677  DD                   975   PUSHI
1678  90 E2 01             976   LDI #stars+480
167B  04 02                977   LD 2,S
167D  38 02                978   MULB #2
167F  E8                   979   ADAI
1680  07                   980   LD [S]
1681  12                   981   ADD I
1682  A6                   982   ST [S+]
1683  D0 C4 16             983   JMP ?AB72
1686                       984  ?AB71 EQU *
1686  90 02 00             985   LDI #stars
1689  9B A0                986   LEAI 160,I
DUNFIELD CFLEA ASSEMBLER: DEMO                                         PAGE: 18

168B  04 00                987   LD 0,S
168D  38 02                988   MULB #2
168F  E8                   989   ADAI
1690  DD                   990   PUSHI
1691  90 E2 01             991   LDI #stars+480
1694  04 02                992   LD 2,S
1696  38 02                993   MULB #2
1698  E8                   994   ADAI
1699  06                   995   LD [S+]
169A  82                   996   CMP I
169B  CE                   997   UGT
169C  D1 B8 16             998   JZ ?AB73
169F  90 02 00             999   LDI #stars
16A2  9B A0               1000   LEAI 160,I
16A4  04 00               1001   LD 0,S
16A6  38 02               1002   MULB #2
16A8  E8                  1003   ADAI
16A9  DD                  1004   PUSHI
16AA  90 E2 01            1005   LDI #stars+480
16AD  04 02               1006   LD 2,S
16AF  38 02               1007   MULB #2
16B1  E8                  1008   ADAI
16B2  07                  1009   LD [S]
16B3  22                  1010   SUB I
16B4  A6                  1011   ST [S+]
16B5  D0 C4 16            1012   JMP ?AB74
16B8                      1013  ?AB73 EQU *
16B8  90 02 00            1014   LDI #stars
16BB  9B A0               1015   LEAI 160,I
16BD  04 00               1016   LD 0,S
16BF  38 02               1017   MULB #2
16C1  E8                  1018   ADAI
16C2  E0                  1019   CLR
16C3  A2                  1020   ST I
16C4                      1021  ?AB74 EQU *
16C4                      1022  ?AB72 EQU *
16C4  90 02 00            1023   LDI #stars
16C7  04 00               1024   LD 0,S
16C9  38 02               1025   MULB #2
16CB  E8                  1026   ADAI
16CC  02                  1027   LD I
16CD  B8 04               1028   SHR #4
16CF  A4 06               1029   ST 6,S
16D1  90 02 00            1030   LDI #stars
16D4  9B A0               1031   LEAI 160,I
16D6  04 00               1032   LD 0,S
16D8  38 02               1033   MULB #2
16DA  E8                  1034   ADAI
16DB  02                  1035   LD I
16DC  B8 04               1036   SHR #4
16DE  A4 08               1037   ST 8,S
16E0  04 06               1038   LD 6,S
16E2  88 01               1039   CMPB #1
16E4  CD                  1040   ULE
16E5  D5 13               1041   SJNZ ?AB76
16E7  04 06               1042   LD 6,S
16E9  88 2F               1043   CMPB #47
16EB  CF                  1044   UGE
DUNFIELD CFLEA ASSEMBLER: DEMO                                         PAGE: 19

16EC  D5 0C               1045   SJNZ ?AB77
16EE  04 08               1046   LD 8,S
16F0  88 01               1047   CMPB #1
16F2  CD                  1048   ULE
16F3  D5 05               1049   SJNZ ?AB78
16F5  04 08               1050   LD 8,S
16F7  88 27               1051   CMPB #39
16F9  CF                  1052   UGE
16FA                      1053  ?AB78 EQU *
16FA                      1054  ?AB77 EQU *
16FA                      1055  ?AB76 EQU *
16FA  D1 07 17            1056   JZ ?AB75
16FD  90 02 00            1057   LDI #stars
1700  04 00               1058   LD 0,S
1702  38 02               1059   MULB #2
1704  E8                  1060   ADAI
1705  E0                  1061   CLR
1706  A2                  1062   ST I
1707                      1063  ?AB75 EQU *
1707                      1064  ?AB66 EQU *
1707  90 02 00            1065   LDI #stars
170A  04 00               1066   LD 0,S
170C  38 02               1067   MULB #2
170E  E8                  1068   ADAI
170F  02                  1069   LD I
1710  88 00               1070   CMPB #0
1712  D2 44 17            1071   JNZ ?AB79
1715  90 02 00            1072   LDI #stars
1718  04 00               1073   LD 0,S
171A  38 02               1074   MULB #2
171C  E8                  1075   ADAI
171D  02                  1076   LD I
171E  B8 04               1077   SHR #4
1720  A4 06               1078   ST 6,S
1722  90 02 00            1079   LDI #stars
1725  9B A0               1080   LEAI 160,I
1727  04 00               1081   LD 0,S
1729  38 02               1082   MULB #2
172B  E8                  1083   ADAI
172C  02                  1084   LD I
172D  B8 04               1085   SHR #4
172F  A4 08               1086   ST 8,S
1731  38 30               1087   MULB #48
1733  14 06               1088   ADD 6,S
1735  90 00 F8            1089   LDI #-2048
1738  E8                  1090   ADAI
1739  DD                  1091   PUSHI
173A  90 C2 03            1092   LDI #stars+960
173D  04 02               1093   LD 2,S
173F  38 02               1094   MULB #2
1741  E8                  1095   ADAI
1742  02                  1096   LD I
1743  AE                  1097   STB [S+]
1744                      1098  ?AB79 EQU *
1744  D0 77 15            1099   JMP ?AB64
1747                      1100  ?AB62 EQU *
1747  08 21               1101   LDB #33
1749  DC                  1102   PUSHA
DUNFIELD CFLEA ASSEMBLER: DEMO                                         PAGE: 20

174A  D8 17 10            1103   CALL wait_ms
174D  DB 02               1104   FREE 2
174F  D8 97 10            1105   CALL clrscr
1752  D0 63 15            1106   JMP ?AB60
1755                      1107  ?AB58 EQU *
1755  E0                  1108   CLR
1756  DC                  1109   PUSHA
1757  D8 6F 10            1110   CALL vid_mode
175A  DB 02               1111   FREE 2
175C  D8 97 10            1112   CALL clrscr
175F  00 7B 19            1113   LD #?AB0+327
1762  DC                  1114   PUSHA
1763  E0                  1115   CLR
1764  DC                  1116   PUSHA
1765  08 01               1117   LDB #1
1767  DC                  1118   PUSHA
1768  D8 A7 10            1119   CALL putsxy
176B  DB 06               1120   FREE 6
176D  00 F4 01            1121   LD #500
1770  DC                  1122   PUSHA
1771  D8 17 10            1123   CALL wait_ms
1774  DB 02               1124   FREE 2
1776  00 90 19            1125   LD #?AB0+348
1779  DC                  1126   PUSHA
177A  E0                  1127   CLR
177B  DC                  1128   PUSHA
177C  08 02               1129   LDB #2
177E  DC                  1130   PUSHA
177F  D8 A7 10            1131   CALL putsxy
1782  DB 06               1132   FREE 6
1784  00 F4 01            1133   LD #500
1787  DC                  1134   PUSHA
1788  D8 17 10            1135   CALL wait_ms
178B  DB 02               1136   FREE 2
178D  00 A4 19            1137   LD #?AB0+368
1790  DC                  1138   PUSHA
1791  E0                  1139   CLR
1792  DC                  1140   PUSHA
1793  08 03               1141   LDB #3
1795  DC                  1142   PUSHA
1796  D8 A7 10            1143   CALL putsxy
1799  DB 06               1144   FREE 6
179B  00 F4 01            1145   LD #500
179E  DC                  1146   PUSHA
179F  D8 17 10            1147   CALL wait_ms
17A2  DB 02               1148   FREE 2
17A4  00 C0 19            1149   LD #?AB0+396
17A7  DC                  1150   PUSHA
17A8  E0                  1151   CLR
17A9  DC                  1152   PUSHA
17AA  08 04               1153   LDB #4
17AC  DC                  1154   PUSHA
17AD  D8 A7 10            1155   CALL putsxy
17B0  DB 06               1156   FREE 6
17B2  00 F4 01            1157   LD #500
17B5  DC                  1158   PUSHA
17B6  D8 17 10            1159   CALL wait_ms
17B9  DB 02               1160   FREE 2
DUNFIELD CFLEA ASSEMBLER: DEMO                                         PAGE: 21

17BB  00 D8 19            1161   LD #?AB0+420
17BE  DC                  1162   PUSHA
17BF  E0                  1163   CLR
17C0  DC                  1164   PUSHA
17C1  08 05               1165   LDB #5
17C3  DC                  1166   PUSHA
17C4  D8 A7 10            1167   CALL putsxy
17C7  DB 06               1168   FREE 6
17C9  00 E2 04            1169   LD #1250
17CC  DC                  1170   PUSHA
17CD  D8 17 10            1171   CALL wait_ms
17D0  DB 02               1172   FREE 2
17D2  00 F8 19            1173   LD #?AB0+452
17D5  DC                  1174   PUSHA
17D6  E0                  1175   CLR
17D7  DC                  1176   PUSHA
17D8  08 06               1177   LDB #6
17DA  DC                  1178   PUSHA
17DB  D8 A7 10            1179   CALL putsxy
17DE  DB 06               1180   FREE 6
17E0  00 F4 01            1181   LD #500
17E3  DC                  1182   PUSHA
17E4  D8 17 10            1183   CALL wait_ms
17E7  DB 02               1184   FREE 2
17E9  00 14 1A            1185   LD #?AB0+480
17EC  DC                  1186   PUSHA
17ED  E0                  1187   CLR
17EE  DC                  1188   PUSHA
17EF  08 07               1189   LDB #7
17F1  DC                  1190   PUSHA
17F2  D8 A7 10            1191   CALL putsxy
17F5  DB 06               1192   FREE 6
17F7  00 F4 01            1193   LD #500
17FA  DC                  1194   PUSHA
17FB  D8 17 10            1195   CALL wait_ms
17FE  DB 02               1196   FREE 2
1800  00 35 1A            1197   LD #?AB0+513
1803  DC                  1198   PUSHA
1804  E0                  1199   CLR
1805  DC                  1200   PUSHA
1806  08 08               1201   LDB #8
1808  DC                  1202   PUSHA
1809  D8 A7 10            1203   CALL putsxy
180C  DB 06               1204   FREE 6
180E  00 E2 04            1205   LD #1250
1811  DC                  1206   PUSHA
1812  D8 17 10            1207   CALL wait_ms
1815  DB 02               1208   FREE 2
1817  00 3D 1A            1209   LD #?AB0+521
181A  DC                  1210   PUSHA
181B  E0                  1211   CLR
181C  DC                  1212   PUSHA
181D  08 09               1213   LDB #9
181F  DC                  1214   PUSHA
1820  D8 A7 10            1215   CALL putsxy
1823  DB 06               1216   FREE 6
1825  00 88 13            1217   LD #5000
1828  DC                  1218   PUSHA
DUNFIELD CFLEA ASSEMBLER: DEMO                                         PAGE: 22

1829  D8 17 10            1219   CALL wait_ms
182C  DB 02               1220   FREE 2
182E  D0 96 11            1221   JMP ?AB18
1831  DB 5A               1222   FREE 90
1833  D9                  1223   RET
1834  4C 65 61 64 3A 20 + 1224  ?AB0 FCB 76,101,97,100,58,32,37,100,46,46,46,0,66,111,111,116
1844  69 6E 67 20 43 2D + 1225   FCB 105,110,103,32,67,45,70,76,69,65,32,80,114,105,109,101
1854  72 32 35 4B 20 43 + 1226   FCB 114,50,53,75,32,67,73,83,67,32,84,104,105,110,103,121
1864  2E 2E 2E 00 54 65 + 1227   FCB 46,46,46,0,84,101,115,116,105,110,103,32,109,101,109,111
1874  72 79 3A 20 25 30 + 1228   FCB 114,121,58,32,37,48,50,100,32,75,66,0,87,104,101,114
1884  65 20 74 68 65 20 + 1229   FCB 101,32,116,104,101,32,102,32,105,115,32,116,104,101,32,56
1894  27 74 68 20 4B 42 + 1230   FCB 39,116,104,32,75,66,46,46,46,46,0,71,39,100,97,109
18A4  6E 20 43 68 69 6E + 1231   FCB 110,32,67,104,105,110,101,115,101,32,115,108,111,112,46,46
18B4  2E 2E 00 41 68 61 + 1232   FCB 46,46,0,65,104,97,44,32,111,102,102,32,98,121,32,111
18C4  6E 65 20 69 6E 20 + 1233   FCB 110,101,32,105,110,32,116,104,101,32,109,101,109,111,114,121
18D4  20 6D 61 70 2C 20 + 1234   FCB 32,109,97,112,44,32,111,107,32,98,97,99,107,32,116,111
18E4  20 74 68 65 20 73 + 1235   FCB 32,116,104,101,32,115,104,111,119,33,0,66,111,111,116,101
18F4  64 2C 20 6E 6F 77 + 1236   FCB 100,44,32,110,111,119,32,101,120,112,101,114,105,101,110,99
1904  65 20 74 68 65 20 + 1237   FCB 101,32,116,104,101,32,114,97,119,32,112,111,119,101,114,32
1914  6F 66 20 31 30 20 + 1238   FCB 111,102,32,49,48,32,77,73,80,83,46,0,83,116,97,114
1924  20 66 69 65 6C 64 + 1239   FCB 32,102,105,101,108,100,0,42,0,80,108,117,114,97,108,63
1934  00 46 69 6E 65 20 + 1240   FCB 0,70,105,110,101,32,40,73,32,104,97,100,32,116,111,32
1944  66 69 78 20 61 20 + 1241   FCB 102,105,120,32,97,32,98,117,103,32,105,110,32,116,104,101
1954  20 52 54 4C 2E 2E + 1242   FCB 32,82,84,76,46,46,46,41,0,76,111,111,107,32,73,39
1964  6D 20 6E 6F 74 20 + 1243   FCB 109,32,110,111,116,32,103,111,111,100,32,97,116,32,100,101
1974  6D 6F 73 2E 2E 2E + 1244   FCB 109,111,115,46,46,46,0,68,101,109,111,32,98,121,32,84
1984  6F 6D 20 53 74 20 + 1245   FCB 111,109,32,83,116,32,68,101,110,105,115,0,82,84,76,32
1994  62 79 20 54 6F 6D + 1246   FCB 98,121,32,84,111,109,32,83,116,32,68,101,110,105,115,0
19A4  56 69 64 65 6F 67 + 1247   FCB 86,105,100,101,111,103,114,97,112,104,121,32,98,121,32,84
19B4  6F 6D 20 53 74 20 + 1248   FCB 111,109,32,83,116,32,68,101,110,105,115,0,69,100,105,116
19C4  69 6E 67 20 62 79 + 1249   FCB 105,110,103,32,98,121,32,84,111,109,32,83,116,32,68,101
19D4  6E 69 73 00 45 78 + 1250   FCB 110,105,115,0,69,120,101,99,117,116,105,118,101,32,80,114
19E4  6F 64 75 63 65 72 + 1251   FCB 111,100,117,99,101,114,58,32,76,97,114,114,121,32,68,97
19F4  76 69 64 00 20 20 + 1252   FCB 118,105,100,0,32,32,32,32,32,32,32,32,32,32,32,32
1A04  20 20 20 20 20 20 + 1253   FCB 32,32,32,32,32,32,32,32,32,32,32,32,97,110,100,0
1A14  20 20 20 20 20 20 + 1254   FCB 32,32,32,32,32,32,32,32,32,32,32,32,32,32,32,32
1A24  20 20 20 20 54 6F + 1255   FCB 32,32,32,32,84,111,109,32,83,116,32,68,101,110,105,115
1A34  00 54 68 61 74 2E + 1256   FCB 0,84,104,97,116,46,46,46,0,84,72,65,84,32,105,115
1A44  20 68 6F 77 20 79 + 1257   FCB 32,104,111,119,32,121,111,117,32,65,84,84,69,78,84,73
1A54  4F 4E 20 57 48 4F + 1258   FCB 79,78,32,87,72,79,82,69,33,33,33,33,32,58,45,41
1A64  00                  1259   FCB 0
1A65                      1260  *
1A65                      1261  * Formatted print to a string: sprintf(string, format, args ...)
1A65                      1262  *
1A65  38 02               1263  sprintf	MULB	#2		Word entries
1A67  9C 00               1264  	LEAI	,S		Point to stack
1A69  E8                  1265  	ADAI			Point to argument
1A6A  02                  1266  	LD	I		Get output pointer
1A6B  A1 00 00            1267  	ST	?temp		Save for later
1A6E  E7                  1268  	TIA			Point to it
1A6F  E5                  1269  	DEC			Backup
1A70  E5                  1270  	DEC			Backup
1A71  E6                  1271  	TAI			Back to index
1A72  00 7B 1A            1272  	LD	#?AC1		Output functino
1A75  D8 DA 1A            1273  	CALL	format		Format it
1A78  E0                  1274  	CLR			Get zero
1A79  D3 02               1275  	SJMP	?AC2		And write it
1A7B  04 02               1276  ?AC1	LD	2,S		Get character
DUNFIELD CFLEA ASSEMBLER: DEMO                                         PAGE: 23

1A7D  91 00 00            1277  ?AC2	LDI	?temp		Get output pointer
1A80  AA                  1278  	STB	I		Write to memory
1A81  9B 01               1279  	LEAI	1,I		Advance
1A83  B1 00 00            1280  	STI	?temp		Resave
1A86  D9                  1281  	RET
1A87                      1282  *50000 22/5/2026
1A87                      1283  *
1A87                      1284  * Set memory to a specified value: memset(block, value, size)
1A87                      1285  *
1A87  94 06               1286  memset	LDI	6,S		Get pointer
1A89  04 02               1287  ?AD1	LD	2,S		Get size
1A8B  D4 21               1288  	SJZ	?AD2		Zero, exit
1A8D  E5                  1289  	DEC			Backup
1A8E  A4 02               1290  	ST	2,S		Resave
1A90  04 04               1291  	LD	4,S		Get value
1A92  AA                  1292  	STB	I		Write to memory
1A93  9B 01               1293  	LEAI	1,I		Advance
1A95  D3 F2               1294  	SJMP	?AD1		And proceed
1A97                      1295  *
1A97                      1296  * Copy memory: memcpy(dest, source, size)
1A97                      1297  *
1A97  04 02               1298  memcpy	LD	2,S		Get size
1A99  D4 13               1299  	SJZ	?AD2		Zero, exit
1A9B  E5                  1300  	DEC			Reduce count
1A9C  A4 02               1301  	ST	2,S		Resave
1A9E  94 04               1302  	LDI	4,S		Get source
1AA0  0A                  1303  	LDB	I		Get byte
1AA1  9B 01               1304  	LEAI	1,I		Advance
1AA3  B4 04               1305  	STI	4,S		Resave
1AA5  94 06               1306  	LDI	6,S		Get dest
1AA7  AA                  1307  	STB	I		Write byte
1AA8  9B 01               1308  	LEAI	1,I		Advance
1AAA  B4 06               1309  	STI	6,S		Resave
1AAC  D3 E9               1310  	SJMP	memcpy		And proceed
1AAE  D9                  1311  ?AD2	RET
1AAF                      1312  *50000 22/5/2026
1AAF                      1313  *
1AAF                      1314  * Concatinate one string to another: strcat(dest, source)
1AAF                      1315  *
1AAF  94 04               1316  strcat	LDI	4,S		Get dest ptr
1AB1  0A                  1317  ?AE1	LDB	I		Get byte from index
1AB2  D1 B9 1A            1318  	JZ	?AE2		End of string, copy
1AB5  9B 01               1319  	LEAI	1,I		Advance pointer
1AB7  D3 F8               1320  	SJMP	?AE1		And proceed
1AB9  B4 04               1321  ?AE2	STI	4,S		Resave pointer
1ABB                      1322  *
1ABB                      1323  * Copy strings: strcpy(dest, source)
1ABB                      1324  *
1ABB  94 02               1325  strcpy	LDI	2,S		Get source ptr
1ABD  0A                  1326  	LDB	I		Get byte from source
1ABE  9B 01               1327  	LEAI	1,I		Advance source ptr
1AC0  B4 02               1328  	STI	2,S		Resave
1AC2  94 04               1329  	LDI	4,S		Get dest ptr
1AC4  AA                  1330  	STB	I		Write to dest
1AC5  9B 01               1331  	LEAI	1,I		Advance dest ptr
1AC7  B4 04               1332  	STI	4,S		Resave
1AC9  D5 F0               1333  	SJNZ	strcpy		Do them all
1ACB  D9                  1334  	RET
DUNFIELD CFLEA ASSEMBLER: DEMO                                         PAGE: 24

1ACC                      1335  *50000 22/5/2026
1ACC                      1336  *
1ACC                      1337  * Determine length of string: strlen(string)
1ACC                      1338  *
1ACC  94 02               1339  strlen	LDI	2,S		; Get string ptr
1ACE  0A                  1340  ?AF1	LDB	I		; Get byte from string
1ACF  D1 D6 1A            1341  	JZ	?AF2		; We are at end
1AD2  9B 01               1342  	LEAI	1,I		; Skip to next
1AD4  D3 F8               1343  	SJMP	?AF1		; And proceed
1AD6  E7                  1344  ?AF2	TIA			; Get pointer
1AD7  24 02               1345  	SUB	2,S		; Compute actual length
1AD9  D9                  1346  	RET
1ADA                      1347  *50000 22/5/2026
1ADA                      1348  *
1ADA                      1349  * Format to "printf" output: A=Output Function, I = Argument List
1ADA                      1350  *
1ADA  DC                  1351  format	PUSHA			Save output function pointer
1ADB  DD                  1352  	PUSHI			Save argument pointer
1ADC  DA 0A               1353  	ALLOC	10		Save  flag variable
1ADE                      1354  * Local variable & argument offsets
000C                      1355  ?AG1	EQU	12		Pointer to output function
000A                      1356  ?AG2	EQU	10		Pointer to argument list
0004                      1357  ?AG3	EQU	4		Buffer for number conversions (6 bytes)
0002                      1358  ?AG4	EQU	2		Temporary locations
0001                      1359  ?AG5	EQU	1		Character count
0000                      1360  ?AG6	EQU	0		Formatting controls
1ADE                      1361  *
1ADE  94 0A               1362  	LDI	?AG2,S		Get arg pointer
1AE0  92                  1363  	LDI	I		Get format string
1AE1  0A                  1364  ?AG7	LDB	I		Get character from string
1AE2  D4 12               1365  	SJZ	?AG8		Exit if end
1AE4  88 25               1366  	CMPB	#'%'		Format character
1AE6  D5 12               1367  	SJNZ	?AG10		Yes, handle it
1AE8  0A                  1368  	LDB	I		Get char back
1AE9  9B 01               1369  	LEAI	1,I		Advance pointer
1AEB  DD                  1370  	PUSHI			Save Index
1AEC  DC                  1371  	PUSHA			Pass character
1AED  04 10               1372  	LD	4+?AG1,S		Get output function
1AEF  D8 F9 1A            1373  	CALL	?AG9		Output the character
1AF2  05                  1374  	LD	S+		Clean stack
1AF3  95                  1375  	LDI	S+		Get Index back
1AF4  D3 EB               1376  	SJMP	?AG7		And proceed
1AF6  DB 0E               1377  ?AG8	FREE	14		Release stack
1AF8  D9                  1378  	RET
1AF9                      1379  * Call output function in A
1AF9  D6                  1380  ?AG9	IJMP			Call function
1AFA                      1381  * Format character located
1AFA  9B 01               1382  ?AG10	LEAI	1,I		Skip to next
1AFC  E0                  1383  	CLR			Begin with zero
1AFD  A4 02               1384  	ST	?AG4,S		Save for later
1AFF                      1385  * Check for leading '-' = Left justify
1AFF  AC 00               1386  	STB	?AG6,S		Init. flag
1B01  AC 01               1387  	STB	?AG5,S		Init. count
1B03  0A                  1388  	LDB	I		Get char
1B04  88 2D               1389  	CMPB	#'-'		Minus?
1B06  D4 06               1390  	SJZ	?AG11		No, try next
1B08  9B 01               1391  	LEAI	1,I		Advance pointer
1B0A  08 80               1392  	LDB	#%10000000	Set justify flag
DUNFIELD CFLEA ASSEMBLER: DEMO                                         PAGE: 25

1B0C  AC 00               1393  	STB	?AG6,S		Resave
1B0E                      1394  * Check for leading '0' = Zero fill
1B0E  0A                  1395  ?AG11	LDB	I		Get char back
1B0F  88 30               1396  	CMPB	#'0'		Zero fill?
1B11  D4 08               1397  	SJZ	?AG12		No, try next
1B13  9B 01               1398  	LEAI	1,I		Advance
1B15  0C 00               1399  	LDB	?AG6,S		Get value
1B17  68 40               1400  	ORB	#%01000000	Set zero fill flag
1B19  AC 00               1401  	STB	?AG6,S		Resave
1B1B                      1402  * Get field width
1B1B  0A                  1403  ?AG12	LDB	I		Get character
1B1C  28 30               1404  	SUBB	#'0'		Convert to binary
1B1E  DC                  1405  	PUSHA			Save
1B1F  88 0A               1406  	CMPB	#10		In range?
1B21  CC                  1407  	ULT			Must be less than
1B22  D4 0B               1408  	SJZ	?AG13		Nope
1B24  9B 01               1409  	LEAI	1,I		Skip digit
1B26  04 04               1410  	LD	2+?AG4,S		Get old value
1B28  38 0A               1411  	MULB	#10		x10
1B2A  15                  1412  	ADD	S+		Include new
1B2B  A4 02               1413  	ST	?AG4,S		Resave
1B2D  D3 EC               1414  	SJMP	?AG12		Do them all
1B2F  05                  1415  ?AG13	LD	S+		Clear stack
1B30  04 02               1416  	LD	?AG4,S		Get value
1B32  6C 00               1417  	ORB	?AG6,S		Include previous flags
1B34  AC 00               1418  	STB	?AG6,S		Resave
1B36                      1419  * Lookup character & dispatch handler
1B36  DD                  1420  	PUSHI			Save format pointer
1B37  04 0C               1421  	LD	2+?AG2,S		Get argptr
1B39  E5                  1422  	DEC			Backup
1B3A  E5                  1423  	DEC			Backup
1B3B  A4 0C               1424  	ST	2+?AG2,S		Resave
1B3D  E6                  1425  	TAI			Address
1B3E  02                  1426  	LD	I		Get value
1B3F  A4 04               1427  	ST	2+?AG4,S		Resave
1B41  0F                  1428  	LDB	[S]		Get next character
1B42  99 46 1B            1429  	LEAI	?AG14		Point to table
1B45  D7                  1430  	SWITCH			Lookup & execute
1B46  62 1B 6F 00         1431  ?AG14	FDB	?AG15,'o'		Octal number
1B4A  66 1B 64 00         1432  	FDB	?AG16,'d'		Decimal number
1B4E  86 1B 75 00         1433  	FDB	?AG17,'u'		Unsigned number
1B52  8A 1B 78 00         1434  	FDB	?AG18,'x'		Hexidecimal number
1B56  E0 1B 63 00         1435  	FDB	?AG26,'c'		Character output
1B5A  EB 1B 73 00         1436  	FDB	?AG28,'s'		String output
1B5E  00 00 E2 1B         1437  	FDB	0,?AG27		Ignore it
1B62                      1438  * '%o' - Octal number
1B62  08 08               1439  ?AG15	LDB	#8		Base 8
1B64  D3 26               1440  	SJMP	?AG19		Do number
1B66                      1441  * '%d' - signed Decimal number
1B66  04 04               1442  ?AG16	LD	2+?AG4,S		Get value
1B68  50 00 80            1443  	AND	#$8000		Negatve?
1B6B  D4 19               1444  	SJZ	?AG17		Nothing special
1B6D  08 2D               1445  	LDB	#'-'		Minus size
1B6F  DC                  1446  	PUSHA			Pass to function
1B70  04 10               1447  	LD	4+?AG1,S		Get output function
1B72  D8 F9 1A            1448  	CALL	?AG9		Call function
1B75  05                  1449  	LD	S+		Clean stack
1B76  04 04               1450  	LD	2+?AG4,S		Get value
DUNFIELD CFLEA ASSEMBLER: DEMO                                         PAGE: 26

1B78  E2                  1451  	NEG			Negate
1B79  A4 04               1452  	ST	2+?AG4,S		And prcoeed
1B7B  0C 02               1453  	LDB	2+?AG6,S		Get length
1B7D  58 7F               1454  	ANDB	#%001111111	Free format?
1B7F  D4 05               1455  	SJZ	?AG17		Yes, ignore
1B81  0C 02               1456  	LDB	2+?AG6,S		Get value back
1B83  E5                  1457  	DEC			Adjust for '-'
1B84  AC 02               1458  	STB	2+?AG6,S		Resave
1B86                      1459  * '%u' - Unsigned decimal number
1B86  08 0A               1460  ?AG17	LDB	#10		Base 10 output
1B88  D3 02               1461  	SJMP	?AG19		Do number
1B8A                      1462  * '%x' - heXidecimal number
1B8A  08 10               1463  ?AG18	LDB	#16		Base 16 output
1B8C                      1464  * Output a number in the specified number base
1B8C  AC 06               1465  ?AG19	STB	2+?AG3,S		Save number base
1B8E  9C 0C               1466  	LEAI	6+2+?AG3,S	Point to END of buffer
1B90  E7                  1467  ?AG20	TIA			Get index
1B91  E5                  1468  	DEC			Backup
1B92  E6                  1469  	TAI			Set index
1B93  0C 03               1470  	LDB	2+?AG5,S		Get count
1B95  E4                  1471  	INC			Advance
1B96  AC 03               1472  	STB	2+?AG5,S		Resave
1B98  04 04               1473  	LD	2+?AG4,S		Get value
1B9A  4C 06               1474  	DIVB	2+?AG3,S		Divide by 10
1B9C  DC                  1475  	PUSHA			Save quotient
1B9D  E9                  1476  	ALT			Get remainder
1B9E  18 30               1477  	ADDB	#'0'		Convert to ASCII
1BA0  AA                  1478  	STB	I		Write to stack
1BA1  88 39               1479  	CMPB	#'9'		Is it HEX?
1BA3  CE                  1480  	UGT			Complete test
1BA4  D4 04               1481  	SJZ	?AG21		Yes it is
1BA6  0A                  1482  	LDB	I		Get char back
1BA7  18 07               1483  	ADDB	#7		Adjust
1BA9  AA                  1484  	STB	I		Resave char
1BAA  05                  1485  ?AG21	LD	S+		Get quotient
1BAB  A4 04               1486  	ST	2+?AG4,S		Save new value
1BAD  D5 E1               1487  	SJNZ	?AG20		Do them all
1BAF                      1488  * At this point, I = pointer, ?5=Length
1BAF  0C 03               1489  ?AG22	LDB	2+?AG5,S		Get count
1BB1  AC 05               1490  	STB	3+?AG4,S		Set extra count
1BB3  0C 02               1491  	LDB	2+?AG6,S		Get flag
1BB5  58 80               1492  	ANDB	#%10000000	Left justify?
1BB7  D5 03               1493  	SJNZ	?AG23		Yes, don't fill
1BB9  D8 FD 1B            1494  	CALL	?AG31		Do any pre-output
1BBC  0C 05               1495  ?AG23	LDB	3+?AG4,S		Get count
1BBE  D4 11               1496  	SJZ	?AG24		All done, exit
1BC0  E5                  1497  	DEC			Reduce count
1BC1  AC 05               1498  	STB	3+?AG4,S		Resave
1BC3  0A                  1499  	LDB	I		Get character from string
1BC4  9B 01               1500  	LEAI	1,I		Advance
1BC6  DD                  1501  	PUSHI			Save it
1BC7  DC                  1502  	PUSHA			Pass character
1BC8  04 12               1503  	LD	6+?AG1,S		Get output function
1BCA  D8 F9 1A            1504  	CALL	?AG9		Output character
1BCD  05                  1505  	LD	S+		Clean stack
1BCE  95                  1506  	LDI	S+		Restore I
1BCF  D3 EB               1507  	SJMP	?AG23		Go again
1BD1  0C 02               1508  ?AG24	LDB	2+?AG6,S		Get flag
DUNFIELD CFLEA ASSEMBLER: DEMO                                         PAGE: 27

1BD3  58 80               1509  	ANDB	#%10000000	Left justify
1BD5  D4 03               1510  	SJZ	?AG25		No, skip it
1BD7  D8 FD 1B            1511  	CALL	?AG31		Post justify
1BDA  95                  1512  ?AG25	LDI	S+		Restore format string
1BDB  9B 01               1513  	LEAI	1,I		Advance pointer
1BDD  D0 E1 1A            1514  	JMP	?AG7		And proceed
1BE0                      1515  * '%c' - output character
1BE0  0C 04               1516  ?AG26	LDB	2+?AG4,S		Get character
1BE2  9C 06               1517  ?AG27	LEAI	2+?AG3,S		Point to buffer
1BE4  AA                  1518  	STB	I		Save it
1BE5  08 01               1519  	LDB	#1		Get 1
1BE7  AC 03               1520  	STB	2+?AG5,S
1BE9  D3 C4               1521  	SJMP	?AG22
1BEB                      1522  * '%s' - output string
1BEB  94 04               1523  ?AG28	LDI	2+?AG4,S		Get string pointer
1BED  0A                  1524  ?AG29	LDB	I		Get character
1BEE  D4 09               1525  	SJZ	?AG30		End of string
1BF0  9B 01               1526  	LEAI	1,I		Skip to next
1BF2  0C 03               1527  	LDB	2+?AG5,S		Get count
1BF4  E4                  1528  	INC			Advance
1BF5  AC 03               1529  	STB	2+?AG5,S		Resave count
1BF7  D3 F4               1530  	SJMP	?AG29		And proceed
1BF9  94 04               1531  ?AG30	LDI	2+?AG4,S		Get pointer back
1BFB  D3 B2               1532  	SJMP	?AG22		And output
1BFD                      1533  * Perform pre-output justify
1BFD  0C 04               1534  ?AG31	LDB	4+?AG6,S		Get flag
1BFF  58 3F               1535  	ANDB	#%00111111	Save length only
1C01  D4 23               1536  	SJZ	?AG35		No justify
1C03  AC 06               1537  	STB	4+?AG4,S		Save for later
1C05  DD                  1538  	PUSHI			Save index
1C06  0C 07               1539  ?AG32	LDB	6+?AG5,S		Get count
1C08  8C 08               1540  	CMPB	6+?AG4,S		Are we over
1C0A  CF                  1541  	UGE			Complete test
1C0B  D5 18               1542  	SJNZ	?AG34		Yes, exit
1C0D  0C 06               1543  	LDB	6+?AG6,S		Get flag
1C0F  58 40               1544  	ANDB	#%01000000	Zero fill?
1C11  D4 02               1545  	SJZ	?AG33		No, use ' '
1C13  08 10               1546  	LDB	#'0'-' '	Get value
1C15  18 20               1547  ?AG33	ADDB	#' '		Convert to char
1C17  DC                  1548  	PUSHA			Pass character
1C18  04 14               1549  	LD	8+?AG1,S		Get output function
1C1A  D8 F9 1A            1550  	CALL	?AG9		Output character
1C1D  05                  1551  	LD	S+		Clean stack
1C1E  0C 08               1552  	LDB	6+?AG4,S		Get remaining width
1C20  E5                  1553  	DEC			Reduce
1C21  AC 08               1554  	STB	6+?AG4,S		Resave
1C23  D3 E1               1555  	SJMP	?AG32		Do next
1C25  95                  1556  ?AG34	LDI	S+		Restore index
1C26  D9                  1557  ?AG35	RET
1C27                      1558  *50000 22/5/2026
1C27                      1559  *
1C27                      1560  * DDS MICRO-C C-FLEA Runtime Library - Middle file
1C27                      1561  *
1C27                      1562  * Copyright 1991-2005 Dave Dunfield
1C27                      1563  * All rights reserved.
1C27                      1564  *
0000                      1565  	ORG	$0000		Start RAM based variables here
0000                      1566  ?temp	RMB	2		Temporary location used by compiler
DUNFIELD CFLEA ASSEMBLER: DEMO                                         PAGE: 28

0002                      1567  *50000 22/5/2026
0002                      1568  stars RMB 1120
0462                      1569  *
0462                      1570  * DDS MICRO-C C-FLEA Runtime Library - Suffix file
0462                      1571  *
0462                      1572  * Copyright 1991-2005 Dave Dunfield
0462                      1573  * All rights reserved.
0462                      1574  *
0462                      1575  ?heap	EQU	*		Beginning of unused RAM
0462                      1576  *50000 22/5/2026
DUNFIELD CFLEA ASSEMBLER: DEMO                                         PAGE: 29

SYMBOL TABLE:

?AB0    -1834   ?AB1    -1017   ?AB10   -1102   ?AB11   -1111   ?AB12   -112B
?AB13   -1149   ?AB14   -1159   ?AB15   -1196   ?AB16   -116A   ?AB17   -1163
?AB18   -1196   ?AB19   -11AA   ?AB2    -102C   ?AB20   -11E5   ?AB21   -11BB
?AB22   -11B4   ?AB23   -11FB   ?AB24   -122B   ?AB25   -120C   ?AB26   -1205
?AB27   -1285   ?AB28   -12BF   ?AB29   -1296   ?AB3    -1041   ?AB30   -128F
?AB31   -132D   ?AB32   -1342   ?AB33   -153B   ?AB34   -1353   ?AB35   -134C
?AB36   -1356   ?AB37   -1516   ?AB38   -1367   ?AB39   -1360   ?AB4    -1063
?AB40   -13D9   ?AB41   -14DE   ?AB42   -13FE   ?AB43   -1436   ?AB44   -142C
?AB45   -1436   ?AB46   -145D   ?AB47   -149B   ?AB48   -148F   ?AB49   -149B
?AB5    -106A   ?AB50   -14DE   ?AB51   -14D1   ?AB52   -14D1   ?AB53   -14D1
?AB54   -1513   ?AB55   -152D   ?AB56   -153B   ?AB57   -1558   ?AB58   -1755
?AB59   -156A   ?AB6    -105F   ?AB60   -1563   ?AB61   -156D   ?AB62   -1747
?AB63   -157E   ?AB64   -1577   ?AB65   -1602   ?AB66   -1707   ?AB67   -1627
?AB68   -165F   ?AB69   -1655   ?AB7    -1063   ?AB70   -165F   ?AB71   -1686
?AB72   -16C4   ?AB73   -16B8   ?AB74   -16C4   ?AB75   -1707   ?AB76   -16FA
?AB77   -16FA   ?AB78   -16FA   ?AB79   -1744   ?AB8    -106C   ?AB9    -10EA
?AC1    -1A7B   ?AC2    -1A7D   ?AD1    -1A89   ?AD2    -1AAE   ?AE1    -1AB1
?AE2    -1AB9   ?AF1    -1ACE   ?AF2    -1AD6   ?AG1    -000C   ?AG10   -1AFA
?AG11   -1B0E   ?AG12   -1B1B   ?AG13   -1B2F   ?AG14   -1B46   ?AG15   -1B62
?AG16   -1B66   ?AG17   -1B86   ?AG18   -1B8A   ?AG19   -1B8C   ?AG2    -000A
?AG20   -1B90   ?AG21   -1BAA   ?AG22   -1BAF   ?AG23   -1BBC   ?AG24   -1BD1
?AG25   -1BDA   ?AG26   -1BE0   ?AG27   -1BE2   ?AG28   -1BEB   ?AG29   -1BED
?AG3    -0004   ?AG30   -1BF9   ?AG31   -1BFD   ?AG32   -1C06   ?AG33   -1C15
?AG34   -1C25   ?AG35   -1C26   ?AG4    -0002   ?AG5    -0001   ?AG6    -0000
?AG7    -1AE1   ?AG8    -1AF6   ?AG9    -1AF9   ?heap   -0462   ?temp   -0000
clrscr  -1097   delay_calibrate         -1037   delay_loops             -102D
delay_loops_top         -1031   exit    -100B   format  -1ADA   hline   -10DD
main    -114A   memcpy  -1A97   memset  -1A87   plotxy  -112D
putscentered            -10BE   putsxy  -10A7   randy   -113B
read_video_stat         -1074   rng     -113D   sprintf -1A65   stars   -0002
strcat  -1AAF   strcpy  -1ABB   strlen  -1ACC   vid_mode-106F   vline   -1104
wait_active_top         -108F   wait_active_vid         -108F   wait_hsync              -1087
wait_hsync_top          -1087   wait_ms -1017   wait_nvsync             -107F
wait_nvsync_top         -107F   wait_us -100D   wait_us_top             -100F
wait_vsync              -1077   wait_vsync_top          -1077
