DUNFIELD CFLEA ASSEMBLER: GPIO                                         PAGE: 1

0000                         1  *#cpu CFLEA
0000                         2  *
0000                         3  * DDS MICRO-C C-FLEA Runtime Library - Prefix file
0000                         4  *
0000                         5  * Copyright 1991-2005 Dave Dunfield
0000                         6  * All rights reserved.
0000                         7  *
1000                         8  	ORG	$1000		Place code in memory here
1000                         9  * Begin execution here... Setup stack, zero heap & call main()
1000  00 00 10              10  	LD	#*		Stack below here
1003  DE                    11  	TAS			Set up stack
1004  E0                    12  	CLR			Get zero
1005  A9 02 00              13  	STB	?heap		Zero heap
1008  D8 A9 13              14  	CALL	main		Run main program
100B                        15  * Most embedded programs will never return or exit, however if they
100B                        16  * do, this section of code should do something appropriate, either
100B                        17  * restart the program, or stop the machine. For this system, we will
100B                        18  * simply freeze by entering an infinite loop.
100B  D3 FE                 19  exit	SJMP	*		Loop forever
100D                        20  *50000 22/5/2026
100D                        21  c_clrscr EQU *
100D  00 00 F8              22   LD #-2048
1010  DC                    23   PUSHA
1011  E0                    24   CLR
1012  DC                    25   PUSHA
1013  00 00 08              26   LD #2048
1016  DC                    27   PUSHA
1017  D8 51 15              28   CALL memset
101A  DB 06                 29   FREE 6
101C  D9                    30   RET
101D                        31  c_scroll EQU *
101D  00 00 F8              32   LD #-2048
1020  DC                    33   PUSHA
1021  00 50 F8              34   LD #-1968
1024  DC                    35   PUSHA
1025  00 80 07              36   LD #1920
1028  DC                    37   PUSHA
1029  D8 61 15              38   CALL memcpy
102C  DB 06                 39   FREE 6
102E  00 80 FF              40   LD #-128
1031  DC                    41   PUSHA
1032  08 20                 42   LDB #32
1034  DC                    43   PUSHA
1035  08 50                 44   LDB #80
1037  DC                    45   PUSHA
1038  D8 51 15              46   CALL memset
103B  DB 06                 47   FREE 6
103D  D9                    48   RET
103E                        49  c_rewind EQU *
103E  90 FE FF              50   LDI #-2
1041  02                    51   LD I
1042  88 00                 52   CMPB #0
1044  D1 5F 10              53   JZ ?AB1
1047  90 FC FF              54   LDI #-4
104A  02                    55   LD I
104B  88 00                 56   CMPB #0
104D  D2 5C 10              57   JNZ ?AB2
1050  90 FC FF              58   LDI #-4
DUNFIELD CFLEA ASSEMBLER: GPIO                                         PAGE: 2

1053  02                    59   LD I
1054  E5                    60   DEC
1055  A2                    61   ST I
1056  90 FE FF              62   LDI #-2
1059  08 4F                 63   LDB #79
105B  A2                    64   ST I
105C                        65  ?AB2 EQU *
105C  D0 65 10              66   JMP ?AB3
105F                        67  ?AB1 EQU *
105F  90 FE FF              68   LDI #-2
1062  02                    69   LD I
1063  E5                    70   DEC
1064  A2                    71   ST I
1065                        72  ?AB3 EQU *
1065  D9                    73   RET
1066                        74  c_gotoxy EQU *
1066  90 FE FF              75   LDI #-2
1069  04 04                 76   LD 4,S
106B  A2                    77   ST I
106C  90 FC FF              78   LDI #-4
106F  04 02                 79   LD 2,S
1071  A2                    80   ST I
1072  D9                    81   RET
1073                        82  c_putc EQU *
1073  0C 02                 83   LDB 2,S
1075  88 0A                 84   CMPB #10
1077  D1 82 10              85   JZ ?AB4
107A  90 FE FF              86   LDI #-2
107D  E0                    87   CLR
107E  A2                    88   ST I
107F  D0 A7 10              89   JMP ?AB5
1082                        90  ?AB4 EQU *
1082  90 FC FF              91   LDI #-4
1085  02                    92   LD I
1086  38 50                 93   MULB #80
1088  90 FE FF              94   LDI #-2
108B  12                    95   ADD I
108C  90 00 F8              96   LDI #-2048
108F  E8                    97   ADAI
1090  0C 02                 98   LDB 2,S
1092  AA                    99   STB I
1093  90 FE FF             100   LDI #-2
1096  02                   101   LD I
1097  E4                   102   INC
1098  A2                   103   ST I
1099  90 FE FF             104   LDI #-2
109C  02                   105   LD I
109D  88 50                106   CMPB #80
109F  D1 BF 10             107   JZ ?AB6
10A2  90 FE FF             108   LDI #-2
10A5  E0                   109   CLR
10A6  A2                   110   ST I
10A7                       111  ?AB5 EQU *
10A7  90 FC FF             112   LDI #-4
10AA  02                   113   LD I
10AB  E4                   114   INC
10AC  A2                   115   ST I
10AD  90 FC FF             116   LDI #-4
DUNFIELD CFLEA ASSEMBLER: GPIO                                         PAGE: 3

10B0  02                   117   LD I
10B1  88 19                118   CMPB #25
10B3  D1 BF 10             119   JZ ?AB7
10B6  D8 1D 10             120   CALL c_scroll
10B9  90 FC FF             121   LDI #-4
10BC  08 18                122   LDB #24
10BE  A2                   123   ST I
10BF                       124  ?AB7 EQU *
10BF                       125  ?AB6 EQU *
10BF  D9                   126   RET
10C0                       127  c_puts EQU *
10C0                       128  ?AB8 EQU *
10C0  94 02                129   LDI 2,S
10C2  0A                   130   LDB I
10C3  D1 D6 10             131   JZ ?AB9
10C6  04 02                132   LD 2,S
10C8  E6                   133   TAI ;
10C9  E4                   134   INC
10CA  A4 02                135   ST 2,S
10CC  0A                   136   LDB I
10CD  DC                   137   PUSHA
10CE  D8 73 10             138   CALL c_putc
10D1  DB 02                139   FREE 2
10D3  D0 C0 10             140   JMP ?AB8
10D6                       141  ?AB9 EQU *
10D6  D9                   142   RET
10D7                       143  c_serin EQU *
10D7  EB 00                144  		IN $00
10D9  D9                   145   RET
10DA  DA 02                146  c_getc ALLOC 2
10DC                       147  ?AB10 EQU *
10DC  D8 D7 10             148   CALL c_serin
10DF  A4 00                149   ST 0,S
10E1                       150  ?AB11 EQU *
10E1  04 00                151   LD 0,S
10E3  80 FF FF             152   CMP #-1
10E6  D2 DC 10             153   JNZ ?AB10
10E9                       154  ?AB12 EQU *
10E9  04 00                155   LD 0,S
10EB                       156  ?AB13 EQU *
10EB  95                   157   LDI S+
10EC  D9                   158   RET
10ED  DA 06                159  c_gets ALLOC 6
10EF  04 0A                160   LD 10,S
10F1  A4 00                161   ST 0,S
10F3  04 0A                162   LD 10,S
10F5  14 08                163   ADD 8,S
10F7  28 01                164   SUBB #1
10F9  A4 02                165   ST 2,S
10FB                       166  ?AB14 EQU *
10FB  D8 DA 10             167   CALL c_getc
10FE  A4 04                168   ST 4,S
1100  88 08                169   CMPB #8
1102  D1 22 11             170   JZ ?AB16
1105  04 0A                171   LD 10,S
1107  84 00                172   CMP 0,S
1109  D2 1F 11             173   JNZ ?AB17
110C  04 0A                174   LD 10,S
DUNFIELD CFLEA ASSEMBLER: GPIO                                         PAGE: 4

110E  E5                   175   DEC
110F  A4 0A                176   ST 10,S
1111  D8 3E 10             177   CALL c_rewind
1114  08 20                178   LDB #32
1116  DC                   179   PUSHA
1117  D8 73 10             180   CALL c_putc
111A  DB 02                181   FREE 2
111C  D8 3E 10             182   CALL c_rewind
111F                       183  ?AB17 EQU *
111F  D0 4E 11             184   JMP ?AB18
1122                       185  ?AB16 EQU *
1122  04 04                186   LD 4,S
1124  88 0A                187   CMPB #10
1126  D5 04                188   SJNZ ?AB20
1128  04 04                189   LD 4,S
112A  88 0D                190   CMPB #13
112C                       191  ?AB20 EQU *
112C  D1 36 11             192   JZ ?AB19
112F  94 0A                193   LDI 10,S
1131  E0                   194   CLR
1132  AA                   195   STB I
1133  D0 51 11             196   JMP ?AB21
1136                       197  ?AB19 EQU *
1136  04 0A                198   LD 10,S
1138  84 02                199   CMP 2,S
113A  D2 4E 11             200   JNZ ?AB23
113D  04 0A                201   LD 10,S
113F  E6                   202   TAI ;
1140  E4                   203   INC
1141  A4 0A                204   ST 10,S
1143  04 04                205   LD 4,S
1145  AA                   206   STB I
1146  04 04                207   LD 4,S
1148  DC                   208   PUSHA
1149  D8 73 10             209   CALL c_putc
114C  DB 02                210   FREE 2
114E                       211  ?AB23 EQU *
114E                       212  ?AB22 EQU *
114E                       213  ?AB18 EQU *
114E  D0 FB 10             214   JMP ?AB14
1151                       215  ?AB15 EQU *
1151                       216  ?AB21 EQU *
1151  DB 06                217   FREE 6
1153  D9                   218   RET
1154  DA 04                219  c_box ALLOC 4
1156  90 FA FF             220   LDI #-6
1159  DD                   221   PUSHI
115A  90 FE FF             222   LDI #-2
115D  02                   223   LD I
115E  A6                   224   ST [S+]
115F  90 F8 FF             225   LDI #-8
1162  DD                   226   PUSHI
1163  90 FC FF             227   LDI #-4
1166  02                   228   LD I
1167  A6                   229   ST [S+]
1168  04 0C                230   LD 12,S
116A  A4 00                231   ST 0,S
116C                       232  ?AB24 EQU *
DUNFIELD CFLEA ASSEMBLER: GPIO                                         PAGE: 5

116C  04 00                233   LD 0,S
116E  84 08                234   CMP 8,S
1170  CC                   235   ULT
1171  D5 0A                236   SJNZ ?AB26
1173  D0 AB 11             237   JMP ?AB25
1176                       238  ?AB27 EQU *
1176  04 00                239   LD 0,S
1178  E4                   240   INC
1179  A4 00                241   ST 0,S
117B  D3 EF                242   SJMP ?AB24
117D                       243  ?AB26 EQU *
117D  04 0A                244   LD 10,S
117F  A4 02                245   ST 2,S
1181                       246  ?AB28 EQU *
1181  04 02                247   LD 2,S
1183  84 06                248   CMP 6,S
1185  CC                   249   ULT
1186  D5 0A                250   SJNZ ?AB30
1188  D0 A8 11             251   JMP ?AB29
118B                       252  ?AB31 EQU *
118B  04 02                253   LD 2,S
118D  E4                   254   INC
118E  A4 02                255   ST 2,S
1190  D3 EF                256   SJMP ?AB28
1192                       257  ?AB30 EQU *
1192  04 00                258   LD 0,S
1194  DC                   259   PUSHA
1195  04 04                260   LD 4,S
1197  DC                   261   PUSHA
1198  D8 66 10             262   CALL c_gotoxy
119B  DB 04                263   FREE 4
119D  08 20                264   LDB #32
119F  DC                   265   PUSHA
11A0  D8 73 10             266   CALL c_putc
11A3  DB 02                267   FREE 2
11A5  D0 8B 11             268   JMP ?AB31
11A8                       269  ?AB29 EQU *
11A8  D0 76 11             270   JMP ?AB27
11AB                       271  ?AB25 EQU *
11AB  04 0C                272   LD 12,S
11AD  DC                   273   PUSHA ;
11AE  04 0C                274   LD 12,S
11B0  DC                   275   PUSHA
11B1  D8 66 10             276   CALL c_gotoxy
11B4  DB 04                277   FREE 4
11B6  08 C9                278   LDB #201
11B8  DC                   279   PUSHA
11B9  D8 73 10             280   CALL c_putc
11BC  DB 02                281   FREE 2
11BE  04 0C                282   LD 12,S
11C0  DC                   283   PUSHA
11C1  04 08                284   LD 8,S
11C3  DC                   285   PUSHA
11C4  D8 66 10             286   CALL c_gotoxy
11C7  DB 04                287   FREE 4
11C9  08 C8                288   LDB #200
11CB  DC                   289   PUSHA
11CC  D8 73 10             290   CALL c_putc
DUNFIELD CFLEA ASSEMBLER: GPIO                                         PAGE: 6

11CF  DB 02                291   FREE 2
11D1  04 08                292   LD 8,S
11D3  DC                   293   PUSHA
11D4  04 0C                294   LD 12,S
11D6  DC                   295   PUSHA
11D7  D8 66 10             296   CALL c_gotoxy
11DA  DB 04                297   FREE 4
11DC  08 BB                298   LDB #187
11DE  DC                   299   PUSHA
11DF  D8 73 10             300   CALL c_putc
11E2  DB 02                301   FREE 2
11E4  04 08                302   LD 8,S
11E6  DC                   303   PUSHA ;
11E7  04 08                304   LD 8,S
11E9  DC                   305   PUSHA
11EA  D8 66 10             306   CALL c_gotoxy
11ED  DB 04                307   FREE 4
11EF  08 BC                308   LDB #188
11F1  DC                   309   PUSHA
11F2  D8 73 10             310   CALL c_putc
11F5  DB 02                311   FREE 2
11F7  04 0C                312   LD 12,S
11F9  18 01                313   ADDB #1
11FB  A4 00                314   ST 0,S
11FD                       315  ?AB32 EQU *
11FD  04 00                316   LD 0,S
11FF  84 08                317   CMP 8,S
1201  CC                   318   ULT
1202  D5 0A                319   SJNZ ?AB34
1204  D0 37 12             320   JMP ?AB33
1207                       321  ?AB35 EQU *
1207  04 00                322   LD 0,S
1209  E4                   323   INC
120A  A4 00                324   ST 0,S
120C  D3 EF                325   SJMP ?AB32
120E                       326  ?AB34 EQU *
120E  04 00                327   LD 0,S
1210  DC                   328   PUSHA
1211  04 0C                329   LD 12,S
1213  DC                   330   PUSHA
1214  D8 66 10             331   CALL c_gotoxy
1217  DB 04                332   FREE 4
1219  08 CD                333   LDB #205
121B  DC                   334   PUSHA
121C  D8 73 10             335   CALL c_putc
121F  DB 02                336   FREE 2
1221  04 00                337   LD 0,S
1223  DC                   338   PUSHA
1224  04 08                339   LD 8,S
1226  DC                   340   PUSHA
1227  D8 66 10             341   CALL c_gotoxy
122A  DB 04                342   FREE 4
122C  08 CD                343   LDB #205
122E  DC                   344   PUSHA
122F  D8 73 10             345   CALL c_putc
1232  DB 02                346   FREE 2
1234  D0 07 12             347   JMP ?AB35
1237                       348  ?AB33 EQU *
DUNFIELD CFLEA ASSEMBLER: GPIO                                         PAGE: 7

1237  04 0A                349   LD 10,S
1239  18 01                350   ADDB #1
123B  A4 02                351   ST 2,S
123D                       352  ?AB36 EQU *
123D  04 02                353   LD 2,S
123F  84 06                354   CMP 6,S
1241  CC                   355   ULT
1242  D5 0A                356   SJNZ ?AB38
1244  D0 77 12             357   JMP ?AB37
1247                       358  ?AB39 EQU *
1247  04 02                359   LD 2,S
1249  E4                   360   INC
124A  A4 02                361   ST 2,S
124C  D3 EF                362   SJMP ?AB36
124E                       363  ?AB38 EQU *
124E  04 0C                364   LD 12,S
1250  DC                   365   PUSHA
1251  04 04                366   LD 4,S
1253  DC                   367   PUSHA
1254  D8 66 10             368   CALL c_gotoxy
1257  DB 04                369   FREE 4
1259  08 BA                370   LDB #186
125B  DC                   371   PUSHA
125C  D8 73 10             372   CALL c_putc
125F  DB 02                373   FREE 2
1261  04 08                374   LD 8,S
1263  DC                   375   PUSHA
1264  04 04                376   LD 4,S
1266  DC                   377   PUSHA
1267  D8 66 10             378   CALL c_gotoxy
126A  DB 04                379   FREE 4
126C  08 BA                380   LDB #186
126E  DC                   381   PUSHA
126F  D8 73 10             382   CALL c_putc
1272  DB 02                383   FREE 2
1274  D0 47 12             384   JMP ?AB39
1277                       385  ?AB37 EQU *
1277  90 FE FF             386   LDI #-2
127A  DD                   387   PUSHI
127B  90 FA FF             388   LDI #-6
127E  02                   389   LD I
127F  A6                   390   ST [S+]
1280  90 FC FF             391   LDI #-4
1283  DD                   392   PUSHI
1284  90 F8 FF             393   LDI #-8
1287  02                   394   LD I
1288  A6                   395   ST [S+]
1289  DB 04                396   FREE 4
128B  D9                   397   RET
128C  DA 02                398  c_boxmsg ALLOC 2
128E  04 04                399   LD 4,S
1290  DC                   400   PUSHA
1291  D8 79 15             401   CALL strlen
1294  DB 02                402   FREE 2
1296  18 03                403   ADDB #3
1298  A4 00                404   ST 0,S
129A  04 08                405   LD 8,S
129C  DC                   406   PUSHA ;
DUNFIELD CFLEA ASSEMBLER: GPIO                                         PAGE: 8

129D  04 08                407   LD 8,S
129F  DC                   408   PUSHA
12A0  04 0C                409   LD 12,S
12A2  14 04                410   ADD 4,S
12A4  DC                   411   PUSHA
12A5  04 0C                412   LD 12,S
12A7  18 02                413   ADDB #2
12A9  DC                   414   PUSHA
12AA  D8 54 11             415   CALL c_box
12AD  DB 08                416   FREE 8
12AF  04 08                417   LD 8,S
12B1  18 02                418   ADDB #2
12B3  DC                   419   PUSHA
12B4  04 08                420   LD 8,S
12B6  18 01                421   ADDB #1
12B8  DC                   422   PUSHA
12B9  D8 66 10             423   CALL c_gotoxy
12BC  DB 04                424   FREE 4
12BE  04 04                425   LD 4,S
12C0  DC                   426   PUSHA
12C1  D8 C0 10             427   CALL c_puts
12C4  DB 02                428   FREE 2
12C6  90 FE FF             429   LDI #-2
12C9  DD                   430   PUSHI
12CA  90 FA FF             431   LDI #-6
12CD  02                   432   LD I
12CE  A6                   433   ST [S+]
12CF  90 FC FF             434   LDI #-4
12D2  DD                   435   PUSHI
12D3  90 F8 FF             436   LDI #-8
12D6  02                   437   LD I
12D7  A6                   438   ST [S+]
12D8  95                   439   LDI S+
12D9  D9                   440   RET
12DA  DA 02                441  c_boxquery ALLOC 2
12DC  04 08                442   LD 8,S
12DE  DC                   443   PUSHA
12DF  D8 79 15             444   CALL strlen
12E2  DB 02                445   FREE 2
12E4  18 03                446   ADDB #3
12E6  14 04                447   ADD 4,S
12E8  A4 00                448   ST 0,S
12EA  04 0C                449   LD 12,S
12EC  DC                   450   PUSHA ;
12ED  04 0C                451   LD 12,S
12EF  DC                   452   PUSHA
12F0  04 10                453   LD 16,S
12F2  14 04                454   ADD 4,S
12F4  DC                   455   PUSHA
12F5  04 10                456   LD 16,S
12F7  18 02                457   ADDB #2
12F9  DC                   458   PUSHA
12FA  D8 54 11             459   CALL c_box
12FD  DB 08                460   FREE 8
12FF  04 0C                461   LD 12,S
1301  18 02                462   ADDB #2
1303  DC                   463   PUSHA
1304  04 0C                464   LD 12,S
DUNFIELD CFLEA ASSEMBLER: GPIO                                         PAGE: 9

1306  18 01                465   ADDB #1
1308  DC                   466   PUSHA
1309  D8 66 10             467   CALL c_gotoxy
130C  DB 04                468   FREE 4
130E  04 08                469   LD 8,S
1310  DC                   470   PUSHA
1311  D8 C0 10             471   CALL c_puts
1314  DB 02                472   FREE 2
1316  04 06                473   LD 6,S
1318  DC                   474   PUSHA ;
1319  04 06                475   LD 6,S
131B  DC                   476   PUSHA
131C  D8 ED 10             477   CALL c_gets
131F  DB 04                478   FREE 4
1321  90 FE FF             479   LDI #-2
1324  DD                   480   PUSHI
1325  90 FA FF             481   LDI #-6
1328  02                   482   LD I
1329  A6                   483   ST [S+]
132A  90 FC FF             484   LDI #-4
132D  DD                   485   PUSHI
132E  90 F8 FF             486   LDI #-8
1331  02                   487   LD I
1332  A6                   488   ST [S+]
1333  95                   489   LDI S+
1334  D9                   490   RET
1335                       491  wait_ms EQU *
1335  EA 11                492  		OUT $11			* clear timer
1337                       493  wait_ms_top
1337  EB 11                494  		IN $11			* read timer
1339  84 02                495  		CMP 2,S			* compare to ms 
133B  D1 37 13             496  		JZ wait_ms_top  * wait till ms passes
133E  D9                   497   RET
133F                       498  outport EQU *
133F  04 04                499   LD 4,S
1341  90 61 13             500   LDI #?AB41
1344  D7                   501   SWITCH
1345                       502  ?AB42 EQU *
1345  04 02                503  				LD 2,S
1347  EA 01                504  				OUT $01
1349  D0 75 13             505   JMP ?AB40
134C                       506  ?AB43 EQU *
134C  04 02                507  				LD 2,S
134E  EA 02                508  				OUT $02
1350  D0 75 13             509   JMP ?AB40
1353                       510  ?AB44 EQU *
1353  04 02                511  				LD 2,S
1355  EA 03                512  				OUT $03
1357  D0 75 13             513   JMP ?AB40
135A                       514  ?AB45 EQU *
135A  04 02                515  				LD 2,S
135C  EA 04                516  				OUT $04
135E  D0 75 13             517   JMP ?AB40
1361                       518  ?AB41 EQU *
1361  5A 13 03 00 53 13 +  519   FDB ?AB45,3,?AB44,2,?AB43,1,?AB42,0,0,?AB40
1375                       520  ?AB40 EQU *
1375  D9                   521   RET
1376                       522  inport EQU *
DUNFIELD CFLEA ASSEMBLER: GPIO                                         PAGE: 10

1376  04 02                523   LD 2,S
1378  90 94 13             524   LDI #?AB47
137B  D7                   525   SWITCH
137C                       526  ?AB48 EQU *
137C  EB 01                527  				IN $01
137E  D9                   528  				RET
137F  D0 A8 13             529   JMP ?AB46
1382                       530  ?AB49 EQU *
1382  EB 02                531  				IN $02
1384  D9                   532  				RET
1385  D0 A8 13             533   JMP ?AB46
1388                       534  ?AB50 EQU *
1388  EB 03                535  				IN $03
138A  D9                   536  				RET
138B  D0 A8 13             537   JMP ?AB46
138E                       538  ?AB51 EQU *
138E  EB 04                539  				IN $04
1390  D9                   540  				RET
1391  D0 A8 13             541   JMP ?AB46
1394                       542  ?AB47 EQU *
1394  8E 13 03 00 88 13 +  543   FDB ?AB51,3,?AB50,2,?AB49,1,?AB48,0,0,?AB46
13A8                       544  ?AB46 EQU *
13A8  D9                   545   RET
13A9  DA 67                546  main ALLOC 103
13AB  E0                   547   CLR
13AC  A4 08                548   ST 8,S
13AE                       549  ?AB52 EQU *
13AE  04 08                550   LD 8,S
13B0  88 04                551   CMPB #4
13B2  CC                   552   ULT
13B3  D5 0A                553   SJNZ ?AB54
13B5  D0 D0 13             554   JMP ?AB53
13B8                       555  ?AB55 EQU *
13B8  04 08                556   LD 8,S
13BA  E4                   557   INC
13BB  A4 08                558   ST 8,S
13BD  D3 EF                559   SJMP ?AB52
13BF                       560  ?AB54 EQU *
13BF  04 08                561   LD 8,S
13C1  38 02                562   MULB #2
13C3  9C 00                563   LEAI 0,S
13C5  E8                   564   ADAI
13C6  04 08                565   LD 8,S
13C8  38 02                566   MULB #2
13CA  18 01                567   ADDB #1
13CC  A2                   568   ST I
13CD  D0 B8 13             569   JMP ?AB55
13D0                       570  ?AB53 EQU *
13D0  D8 0D 10             571   CALL c_clrscr
13D3  08 0A                572   LDB #10
13D5  DC                   573   PUSHA
13D6  08 08                574   LDB #8
13D8  DC                   575   PUSHA
13D9  00 D2 14             576   LD #?AB0+0
13DC  DC                   577   PUSHA
13DD  D8 8C 12             578   CALL c_boxmsg
13E0  DB 06                579   FREE 6
13E2  08 05                580   LDB #5
DUNFIELD CFLEA ASSEMBLER: GPIO                                         PAGE: 11

13E4  DC                   581   PUSHA
13E5  08 03                582   LDB #3
13E7  DC                   583   PUSHA
13E8  00 E8 14             584   LD #?AB0+22
13EB  DC                   585   PUSHA
13EC  9C 12                586   LEAI 18,S
13EE  DD                   587   PUSHI
13EF  08 0A                588   LDB #10
13F1  DC                   589   PUSHA
13F2  D8 DA 12             590   CALL c_boxquery
13F5  DB 0A                591   FREE 10
13F7  9C 17                592   LEAI 23,S
13F9  DD                   593   PUSHI
13FA  00 00 15             594   LD #?AB0+46
13FD  DC                   595   PUSHA
13FE  9C 10                596   LEAI 16,S
1400  DD                   597   PUSHI
1401  08 03                598   LDB #3
1403  D8 2F 15             599   CALL sprintf
1406  DB 06                600   FREE 6
1408  08 0F                601   LDB #15
140A  DC                   602   PUSHA
140B  08 0F                603   LDB #15
140D  DC                   604   PUSHA
140E  9C 1B                605   LEAI 27,S
1410  DD                   606   PUSHI
1411  D8 8C 12             607   CALL c_boxmsg
1414  DB 06                608   FREE 6
1416  00 88 13             609   LD #5000
1419  DC                   610   PUSHA
141A  D8 35 13             611   CALL wait_ms
141D  DB 02                612   FREE 2
141F  E0                   613   CLR
1420  DC                   614   PUSHA
1421  E0                   615   CLR
1422  DC                   616   PUSHA
1423  D8 66 10             617   CALL c_gotoxy
1426  DB 04                618   FREE 4
1428  E0                   619   CLR
1429  A4 0A                620   ST 10,S
142B  D8 0D 10             621   CALL c_clrscr
142E                       622  ?AB56 EQU *
142E  9C 17                623   LEAI 23,S
1430  DD                   624   PUSHI
1431  00 0B 15             625   LD #?AB0+57
1434  DC                   626   PUSHA
1435  9C 04                627   LEAI 4+0,S
1437  02                   628   LD I
1438  DC                   629   PUSHA
1439  9C 08                630   LEAI 6+2,S
143B  02                   631   LD I
143C  DC                   632   PUSHA
143D  9C 0C                633   LEAI 8+4,S
143F  02                   634   LD I
1440  DC                   635   PUSHA
1441  9C 10                636   LEAI 10+6,S
1443  02                   637   LD I
1444  DC                   638   PUSHA
DUNFIELD CFLEA ASSEMBLER: GPIO                                         PAGE: 12

1445  08 06                639   LDB #6
1447  D8 2F 15             640   CALL sprintf
144A  DB 0C                641   FREE 12
144C  08 03                642   LDB #3
144E  DC                   643   PUSHA
144F  E0                   644   CLR
1450  DC                   645   PUSHA
1451  9C 1B                646   LEAI 27,S
1453  DD                   647   PUSHI
1454  D8 8C 12             648   CALL c_boxmsg
1457  DB 06                649   FREE 6
1459  9C 17                650   LEAI 23,S
145B  DD                   651   PUSHI
145C  00 25 15             652   LD #?AB0+83
145F  DC                   653   PUSHA
1460  04 0E                654   LD 14,S
1462  E4                   655   INC
1463  A4 0E                656   ST 14,S
1465  DC                   657   PUSHA
1466  08 03                658   LDB #3
1468  D8 2F 15             659   CALL sprintf
146B  DB 06                660   FREE 6
146D  08 28                661   LDB #40
146F  DC                   662   PUSHA
1470  08 05                663   LDB #5
1472  DC                   664   PUSHA
1473  9C 1B                665   LEAI 27,S
1475  DD                   666   PUSHI
1476  D8 8C 12             667   CALL c_boxmsg
1479  DB 06                668   FREE 6
147B  08 FA                669   LDB #250
147D  DC                   670   PUSHA
147E  D8 35 13             671   CALL wait_ms
1481  DB 02                672   FREE 2
1483  E0                   673   CLR
1484  A4 08                674   ST 8,S
1486                       675  ?AB58 EQU *
1486  04 08                676   LD 8,S
1488  88 04                677   CMPB #4
148A  CC                   678   ULT
148B  D5 0A                679   SJNZ ?AB60
148D  D0 CC 14             680   JMP ?AB59
1490                       681  ?AB61 EQU *
1490  04 08                682   LD 8,S
1492  E4                   683   INC
1493  A4 08                684   ST 8,S
1495  D3 EF                685   SJMP ?AB58
1497                       686  ?AB60 EQU *
1497  04 08                687   LD 8,S
1499  38 02                688   MULB #2
149B  9C 00                689   LEAI 0,S
149D  E8                   690   ADAI
149E  DD                   691   PUSHI
149F  04 0A                692   LD 10,S
14A1  38 02                693   MULB #2
14A3  9C 02                694   LEAI 2,S
14A5  E8                   695   ADAI
14A6  02                   696   LD I
DUNFIELD CFLEA ASSEMBLER: GPIO                                         PAGE: 13

14A7  C0 01                697   SHL #1
14A9  DC                   698   PUSHA
14AA  04 0C                699   LD 12,S
14AC  38 02                700   MULB #2
14AE  9C 04                701   LEAI 4,S
14B0  E8                   702   ADAI
14B1  02                   703   LD I
14B2  B8 07                704   SHR #7
14B4  65                   705   OR S+
14B5  58 FF                706   ANDB #255
14B7  A6                   707   ST [S+]
14B8  04 08                708   LD 8,S
14BA  DC                   709   PUSHA
14BB  04 0A                710   LD 10,S
14BD  38 02                711   MULB #2
14BF  9C 02                712   LEAI 2,S
14C1  E8                   713   ADAI
14C2  02                   714   LD I
14C3  DC                   715   PUSHA
14C4  D8 3F 13             716   CALL outport
14C7  DB 04                717   FREE 4
14C9  D0 90 14             718   JMP ?AB61
14CC                       719  ?AB59 EQU *
14CC  D0 2E 14             720   JMP ?AB56
14CF                       721  ?AB57 EQU *
14CF  DB 67                722   FREE 103
14D1  D9                   723   RET
14D2  42 6F 78 20 74 65 +  724  ?AB0 FCB 66,111,120,32,116,101,120,116,32,103,111,101,115,32,104,101
14E2  72 65 20 65 68 00 +  725   FCB 114,101,32,101,104,0,72,101,108,108,111,32,119,104,97,116
14F2  27 73 20 79 6F 75 +  726   FCB 39,115,32,121,111,117,114,32,110,97,109,101,58,0,72,101
1502  6C 6C 6F 20 27 25 +  727   FCB 108,108,111,32,39,37,115,39,0,118,97,108,115,58,32,37
1512  32 78 2C 20 25 32 +  728   FCB 50,120,44,32,37,50,120,44,32,37,50,120,44,32,37,50
1522  78 0A 00 4C 6F 6F +  729   FCB 120,10,0,76,111,111,112,115,58,32,37,100,0
152F                       730  *
152F                       731  * Formatted print to a string: sprintf(string, format, args ...)
152F                       732  *
152F  38 02                733  sprintf	MULB	#2		Word entries
1531  9C 00                734  	LEAI	,S		Point to stack
1533  E8                   735  	ADAI			Point to argument
1534  02                   736  	LD	I		Get output pointer
1535  A1 00 00             737  	ST	?temp		Save for later
1538  E7                   738  	TIA			Point to it
1539  E5                   739  	DEC			Backup
153A  E5                   740  	DEC			Backup
153B  E6                   741  	TAI			Back to index
153C  00 45 15             742  	LD	#?AC1		Output functino
153F  D8 87 15             743  	CALL	format		Format it
1542  E0                   744  	CLR			Get zero
1543  D3 02                745  	SJMP	?AC2		And write it
1545  04 02                746  ?AC1	LD	2,S		Get character
1547  91 00 00             747  ?AC2	LDI	?temp		Get output pointer
154A  AA                   748  	STB	I		Write to memory
154B  9B 01                749  	LEAI	1,I		Advance
154D  B1 00 00             750  	STI	?temp		Resave
1550  D9                   751  	RET
1551                       752  *50000 22/5/2026
1551                       753  *
1551                       754  * Set memory to a specified value: memset(block, value, size)
DUNFIELD CFLEA ASSEMBLER: GPIO                                         PAGE: 14

1551                       755  *
1551  94 06                756  memset	LDI	6,S		Get pointer
1553  04 02                757  ?AD1	LD	2,S		Get size
1555  D4 21                758  	SJZ	?AD2		Zero, exit
1557  E5                   759  	DEC			Backup
1558  A4 02                760  	ST	2,S		Resave
155A  04 04                761  	LD	4,S		Get value
155C  AA                   762  	STB	I		Write to memory
155D  9B 01                763  	LEAI	1,I		Advance
155F  D3 F2                764  	SJMP	?AD1		And proceed
1561                       765  *
1561                       766  * Copy memory: memcpy(dest, source, size)
1561                       767  *
1561  04 02                768  memcpy	LD	2,S		Get size
1563  D4 13                769  	SJZ	?AD2		Zero, exit
1565  E5                   770  	DEC			Reduce count
1566  A4 02                771  	ST	2,S		Resave
1568  94 04                772  	LDI	4,S		Get source
156A  0A                   773  	LDB	I		Get byte
156B  9B 01                774  	LEAI	1,I		Advance
156D  B4 04                775  	STI	4,S		Resave
156F  94 06                776  	LDI	6,S		Get dest
1571  AA                   777  	STB	I		Write byte
1572  9B 01                778  	LEAI	1,I		Advance
1574  B4 06                779  	STI	6,S		Resave
1576  D3 E9                780  	SJMP	memcpy		And proceed
1578  D9                   781  ?AD2	RET
1579                       782  *50000 22/5/2026
1579                       783  *
1579                       784  * Determine length of string: strlen(string)
1579                       785  *
1579  94 02                786  strlen	LDI	2,S		; Get string ptr
157B  0A                   787  ?AE1	LDB	I		; Get byte from string
157C  D1 83 15             788  	JZ	?AE2		; We are at end
157F  9B 01                789  	LEAI	1,I		; Skip to next
1581  D3 F8                790  	SJMP	?AE1		; And proceed
1583  E7                   791  ?AE2	TIA			; Get pointer
1584  24 02                792  	SUB	2,S		; Compute actual length
1586  D9                   793  	RET
1587                       794  *50000 22/5/2026
1587                       795  *
1587                       796  * Format to "printf" output: A=Output Function, I = Argument List
1587                       797  *
1587  DC                   798  format	PUSHA			Save output function pointer
1588  DD                   799  	PUSHI			Save argument pointer
1589  DA 0A                800  	ALLOC	10		Save  flag variable
158B                       801  * Local variable & argument offsets
000C                       802  ?AF1	EQU	12		Pointer to output function
000A                       803  ?AF2	EQU	10		Pointer to argument list
0004                       804  ?AF3	EQU	4		Buffer for number conversions (6 bytes)
0002                       805  ?AF4	EQU	2		Temporary locations
0001                       806  ?AF5	EQU	1		Character count
0000                       807  ?AF6	EQU	0		Formatting controls
158B                       808  *
158B  94 0A                809  	LDI	?AF2,S		Get arg pointer
158D  92                   810  	LDI	I		Get format string
158E  0A                   811  ?AF7	LDB	I		Get character from string
158F  D4 12                812  	SJZ	?AF8		Exit if end
DUNFIELD CFLEA ASSEMBLER: GPIO                                         PAGE: 15

1591  88 25                813  	CMPB	#'%'		Format character
1593  D5 12                814  	SJNZ	?AF10		Yes, handle it
1595  0A                   815  	LDB	I		Get char back
1596  9B 01                816  	LEAI	1,I		Advance pointer
1598  DD                   817  	PUSHI			Save Index
1599  DC                   818  	PUSHA			Pass character
159A  04 10                819  	LD	4+?AF1,S		Get output function
159C  D8 A6 15             820  	CALL	?AF9		Output the character
159F  05                   821  	LD	S+		Clean stack
15A0  95                   822  	LDI	S+		Get Index back
15A1  D3 EB                823  	SJMP	?AF7		And proceed
15A3  DB 0E                824  ?AF8	FREE	14		Release stack
15A5  D9                   825  	RET
15A6                       826  * Call output function in A
15A6  D6                   827  ?AF9	IJMP			Call function
15A7                       828  * Format character located
15A7  9B 01                829  ?AF10	LEAI	1,I		Skip to next
15A9  E0                   830  	CLR			Begin with zero
15AA  A4 02                831  	ST	?AF4,S		Save for later
15AC                       832  * Check for leading '-' = Left justify
15AC  AC 00                833  	STB	?AF6,S		Init. flag
15AE  AC 01                834  	STB	?AF5,S		Init. count
15B0  0A                   835  	LDB	I		Get char
15B1  88 2D                836  	CMPB	#'-'		Minus?
15B3  D4 06                837  	SJZ	?AF11		No, try next
15B5  9B 01                838  	LEAI	1,I		Advance pointer
15B7  08 80                839  	LDB	#%10000000	Set justify flag
15B9  AC 00                840  	STB	?AF6,S		Resave
15BB                       841  * Check for leading '0' = Zero fill
15BB  0A                   842  ?AF11	LDB	I		Get char back
15BC  88 30                843  	CMPB	#'0'		Zero fill?
15BE  D4 08                844  	SJZ	?AF12		No, try next
15C0  9B 01                845  	LEAI	1,I		Advance
15C2  0C 00                846  	LDB	?AF6,S		Get value
15C4  68 40                847  	ORB	#%01000000	Set zero fill flag
15C6  AC 00                848  	STB	?AF6,S		Resave
15C8                       849  * Get field width
15C8  0A                   850  ?AF12	LDB	I		Get character
15C9  28 30                851  	SUBB	#'0'		Convert to binary
15CB  DC                   852  	PUSHA			Save
15CC  88 0A                853  	CMPB	#10		In range?
15CE  CC                   854  	ULT			Must be less than
15CF  D4 0B                855  	SJZ	?AF13		Nope
15D1  9B 01                856  	LEAI	1,I		Skip digit
15D3  04 04                857  	LD	2+?AF4,S		Get old value
15D5  38 0A                858  	MULB	#10		x10
15D7  15                   859  	ADD	S+		Include new
15D8  A4 02                860  	ST	?AF4,S		Resave
15DA  D3 EC                861  	SJMP	?AF12		Do them all
15DC  05                   862  ?AF13	LD	S+		Clear stack
15DD  04 02                863  	LD	?AF4,S		Get value
15DF  6C 00                864  	ORB	?AF6,S		Include previous flags
15E1  AC 00                865  	STB	?AF6,S		Resave
15E3                       866  * Lookup character & dispatch handler
15E3  DD                   867  	PUSHI			Save format pointer
15E4  04 0C                868  	LD	2+?AF2,S		Get argptr
15E6  E5                   869  	DEC			Backup
15E7  E5                   870  	DEC			Backup
DUNFIELD CFLEA ASSEMBLER: GPIO                                         PAGE: 16

15E8  A4 0C                871  	ST	2+?AF2,S		Resave
15EA  E6                   872  	TAI			Address
15EB  02                   873  	LD	I		Get value
15EC  A4 04                874  	ST	2+?AF4,S		Resave
15EE  0F                   875  	LDB	[S]		Get next character
15EF  99 F3 15             876  	LEAI	?AF14		Point to table
15F2  D7                   877  	SWITCH			Lookup & execute
15F3  0F 16 6F 00          878  ?AF14	FDB	?AF15,'o'		Octal number
15F7  13 16 64 00          879  	FDB	?AF16,'d'		Decimal number
15FB  33 16 75 00          880  	FDB	?AF17,'u'		Unsigned number
15FF  37 16 78 00          881  	FDB	?AF18,'x'		Hexidecimal number
1603  8D 16 63 00          882  	FDB	?AF26,'c'		Character output
1607  98 16 73 00          883  	FDB	?AF28,'s'		String output
160B  00 00 8F 16          884  	FDB	0,?AF27		Ignore it
160F                       885  * '%o' - Octal number
160F  08 08                886  ?AF15	LDB	#8		Base 8
1611  D3 26                887  	SJMP	?AF19		Do number
1613                       888  * '%d' - signed Decimal number
1613  04 04                889  ?AF16	LD	2+?AF4,S		Get value
1615  50 00 80             890  	AND	#$8000		Negatve?
1618  D4 19                891  	SJZ	?AF17		Nothing special
161A  08 2D                892  	LDB	#'-'		Minus size
161C  DC                   893  	PUSHA			Pass to function
161D  04 10                894  	LD	4+?AF1,S		Get output function
161F  D8 A6 15             895  	CALL	?AF9		Call function
1622  05                   896  	LD	S+		Clean stack
1623  04 04                897  	LD	2+?AF4,S		Get value
1625  E2                   898  	NEG			Negate
1626  A4 04                899  	ST	2+?AF4,S		And prcoeed
1628  0C 02                900  	LDB	2+?AF6,S		Get length
162A  58 7F                901  	ANDB	#%001111111	Free format?
162C  D4 05                902  	SJZ	?AF17		Yes, ignore
162E  0C 02                903  	LDB	2+?AF6,S		Get value back
1630  E5                   904  	DEC			Adjust for '-'
1631  AC 02                905  	STB	2+?AF6,S		Resave
1633                       906  * '%u' - Unsigned decimal number
1633  08 0A                907  ?AF17	LDB	#10		Base 10 output
1635  D3 02                908  	SJMP	?AF19		Do number
1637                       909  * '%x' - heXidecimal number
1637  08 10                910  ?AF18	LDB	#16		Base 16 output
1639                       911  * Output a number in the specified number base
1639  AC 06                912  ?AF19	STB	2+?AF3,S		Save number base
163B  9C 0C                913  	LEAI	6+2+?AF3,S	Point to END of buffer
163D  E7                   914  ?AF20	TIA			Get index
163E  E5                   915  	DEC			Backup
163F  E6                   916  	TAI			Set index
1640  0C 03                917  	LDB	2+?AF5,S		Get count
1642  E4                   918  	INC			Advance
1643  AC 03                919  	STB	2+?AF5,S		Resave
1645  04 04                920  	LD	2+?AF4,S		Get value
1647  4C 06                921  	DIVB	2+?AF3,S		Divide by 10
1649  DC                   922  	PUSHA			Save quotient
164A  E9                   923  	ALT			Get remainder
164B  18 30                924  	ADDB	#'0'		Convert to ASCII
164D  AA                   925  	STB	I		Write to stack
164E  88 39                926  	CMPB	#'9'		Is it HEX?
1650  CE                   927  	UGT			Complete test
1651  D4 04                928  	SJZ	?AF21		Yes it is
DUNFIELD CFLEA ASSEMBLER: GPIO                                         PAGE: 17

1653  0A                   929  	LDB	I		Get char back
1654  18 07                930  	ADDB	#7		Adjust
1656  AA                   931  	STB	I		Resave char
1657  05                   932  ?AF21	LD	S+		Get quotient
1658  A4 04                933  	ST	2+?AF4,S		Save new value
165A  D5 E1                934  	SJNZ	?AF20		Do them all
165C                       935  * At this point, I = pointer, ?5=Length
165C  0C 03                936  ?AF22	LDB	2+?AF5,S		Get count
165E  AC 05                937  	STB	3+?AF4,S		Set extra count
1660  0C 02                938  	LDB	2+?AF6,S		Get flag
1662  58 80                939  	ANDB	#%10000000	Left justify?
1664  D5 03                940  	SJNZ	?AF23		Yes, don't fill
1666  D8 AA 16             941  	CALL	?AF31		Do any pre-output
1669  0C 05                942  ?AF23	LDB	3+?AF4,S		Get count
166B  D4 11                943  	SJZ	?AF24		All done, exit
166D  E5                   944  	DEC			Reduce count
166E  AC 05                945  	STB	3+?AF4,S		Resave
1670  0A                   946  	LDB	I		Get character from string
1671  9B 01                947  	LEAI	1,I		Advance
1673  DD                   948  	PUSHI			Save it
1674  DC                   949  	PUSHA			Pass character
1675  04 12                950  	LD	6+?AF1,S		Get output function
1677  D8 A6 15             951  	CALL	?AF9		Output character
167A  05                   952  	LD	S+		Clean stack
167B  95                   953  	LDI	S+		Restore I
167C  D3 EB                954  	SJMP	?AF23		Go again
167E  0C 02                955  ?AF24	LDB	2+?AF6,S		Get flag
1680  58 80                956  	ANDB	#%10000000	Left justify
1682  D4 03                957  	SJZ	?AF25		No, skip it
1684  D8 AA 16             958  	CALL	?AF31		Post justify
1687  95                   959  ?AF25	LDI	S+		Restore format string
1688  9B 01                960  	LEAI	1,I		Advance pointer
168A  D0 8E 15             961  	JMP	?AF7		And proceed
168D                       962  * '%c' - output character
168D  0C 04                963  ?AF26	LDB	2+?AF4,S		Get character
168F  9C 06                964  ?AF27	LEAI	2+?AF3,S		Point to buffer
1691  AA                   965  	STB	I		Save it
1692  08 01                966  	LDB	#1		Get 1
1694  AC 03                967  	STB	2+?AF5,S
1696  D3 C4                968  	SJMP	?AF22
1698                       969  * '%s' - output string
1698  94 04                970  ?AF28	LDI	2+?AF4,S		Get string pointer
169A  0A                   971  ?AF29	LDB	I		Get character
169B  D4 09                972  	SJZ	?AF30		End of string
169D  9B 01                973  	LEAI	1,I		Skip to next
169F  0C 03                974  	LDB	2+?AF5,S		Get count
16A1  E4                   975  	INC			Advance
16A2  AC 03                976  	STB	2+?AF5,S		Resave count
16A4  D3 F4                977  	SJMP	?AF29		And proceed
16A6  94 04                978  ?AF30	LDI	2+?AF4,S		Get pointer back
16A8  D3 B2                979  	SJMP	?AF22		And output
16AA                       980  * Perform pre-output justify
16AA  0C 04                981  ?AF31	LDB	4+?AF6,S		Get flag
16AC  58 3F                982  	ANDB	#%00111111	Save length only
16AE  D4 23                983  	SJZ	?AF35		No justify
16B0  AC 06                984  	STB	4+?AF4,S		Save for later
16B2  DD                   985  	PUSHI			Save index
16B3  0C 07                986  ?AF32	LDB	6+?AF5,S		Get count
DUNFIELD CFLEA ASSEMBLER: GPIO                                         PAGE: 18

16B5  8C 08                987  	CMPB	6+?AF4,S		Are we over
16B7  CF                   988  	UGE			Complete test
16B8  D5 18                989  	SJNZ	?AF34		Yes, exit
16BA  0C 06                990  	LDB	6+?AF6,S		Get flag
16BC  58 40                991  	ANDB	#%01000000	Zero fill?
16BE  D4 02                992  	SJZ	?AF33		No, use ' '
16C0  08 10                993  	LDB	#'0'-' '	Get value
16C2  18 20                994  ?AF33	ADDB	#' '		Convert to char
16C4  DC                   995  	PUSHA			Pass character
16C5  04 14                996  	LD	8+?AF1,S		Get output function
16C7  D8 A6 15             997  	CALL	?AF9		Output character
16CA  05                   998  	LD	S+		Clean stack
16CB  0C 08                999  	LDB	6+?AF4,S		Get remaining width
16CD  E5                  1000  	DEC			Reduce
16CE  AC 08               1001  	STB	6+?AF4,S		Resave
16D0  D3 E1               1002  	SJMP	?AF32		Do next
16D2  95                  1003  ?AF34	LDI	S+		Restore index
16D3  D9                  1004  ?AF35	RET
16D4                      1005  *50000 22/5/2026
16D4                      1006  *
16D4                      1007  * DDS MICRO-C C-FLEA Runtime Library - Middle file
16D4                      1008  *
16D4                      1009  * Copyright 1991-2005 Dave Dunfield
16D4                      1010  * All rights reserved.
16D4                      1011  *
0000                      1012  	ORG	$0000		Start RAM based variables here
0000                      1013  ?temp	RMB	2		Temporary location used by compiler
0002                      1014  *50000 22/5/2026
0002                      1015  *
0002                      1016  * DDS MICRO-C C-FLEA Runtime Library - Suffix file
0002                      1017  *
0002                      1018  * Copyright 1991-2005 Dave Dunfield
0002                      1019  * All rights reserved.
0002                      1020  *
0002                      1021  ?heap	EQU	*		Beginning of unused RAM
0002                      1022  *50000 22/5/2026
DUNFIELD CFLEA ASSEMBLER: GPIO                                         PAGE: 19

SYMBOL TABLE:

?AB0    -14D2   ?AB1    -105F   ?AB10   -10DC   ?AB11   -10E1   ?AB12   -10E9
?AB13   -10EB   ?AB14   -10FB   ?AB15   -1151   ?AB16   -1122   ?AB17   -111F
?AB18   -114E   ?AB19   -1136   ?AB2    -105C   ?AB20   -112C   ?AB21   -1151
?AB22   -114E   ?AB23   -114E   ?AB24   -116C   ?AB25   -11AB   ?AB26   -117D
?AB27   -1176   ?AB28   -1181   ?AB29   -11A8   ?AB3    -1065   ?AB30   -1192
?AB31   -118B   ?AB32   -11FD   ?AB33   -1237   ?AB34   -120E   ?AB35   -1207
?AB36   -123D   ?AB37   -1277   ?AB38   -124E   ?AB39   -1247   ?AB4    -1082
?AB40   -1375   ?AB41   -1361   ?AB42   -1345   ?AB43   -134C   ?AB44   -1353
?AB45   -135A   ?AB46   -13A8   ?AB47   -1394   ?AB48   -137C   ?AB49   -1382
?AB5    -10A7   ?AB50   -1388   ?AB51   -138E   ?AB52   -13AE   ?AB53   -13D0
?AB54   -13BF   ?AB55   -13B8   ?AB56   -142E   ?AB57   -14CF   ?AB58   -1486
?AB59   -14CC   ?AB6    -10BF   ?AB60   -1497   ?AB61   -1490   ?AB7    -10BF
?AB8    -10C0   ?AB9    -10D6   ?AC1    -1545   ?AC2    -1547   ?AD1    -1553
?AD2    -1578   ?AE1    -157B   ?AE2    -1583   ?AF1    -000C   ?AF10   -15A7
?AF11   -15BB   ?AF12   -15C8   ?AF13   -15DC   ?AF14   -15F3   ?AF15   -160F
?AF16   -1613   ?AF17   -1633   ?AF18   -1637   ?AF19   -1639   ?AF2    -000A
?AF20   -163D   ?AF21   -1657   ?AF22   -165C   ?AF23   -1669   ?AF24   -167E
?AF25   -1687   ?AF26   -168D   ?AF27   -168F   ?AF28   -1698   ?AF29   -169A
?AF3    -0004   ?AF30   -16A6   ?AF31   -16AA   ?AF32   -16B3   ?AF33   -16C2
?AF34   -16D2   ?AF35   -16D3   ?AF4    -0002   ?AF5    -0001   ?AF6    -0000
?AF7    -158E   ?AF8    -15A3   ?AF9    -15A6   ?heap   -0002   ?temp   -0000
c_box   -1154   c_boxmsg-128C   c_boxquery              -12DA   c_clrscr-100D
c_getc  -10DA   c_gets  -10ED   c_gotoxy-1066   c_putc  -1073   c_puts  -10C0
c_rewind-103E   c_scroll-101D   c_serin -10D7   exit    -100B   format  -1587
inport  -1376   main    -13A9   memcpy  -1561   memset  -1551   outport -133F
sprintf -152F   strlen  -1579   wait_ms -1335   wait_ms_top             -1337
